2025-03-09 23:11:55.214 [info] [main] 로그 수준: Info
2025-03-09 23:11:55.214 [info] [main] "git"에서 찾은 git 유효성을 검사하는 중
2025-03-09 23:11:55.214 [info] [main] "2.43.0"에서 git "git"을(를) 사용하는 중
2025-03-09 23:11:55.214 [info] [Model][doInitialScan] Initial repository scan started
2025-03-09 23:11:55.214 [info] > git rev-parse --show-toplevel [5ms]
2025-03-09 23:11:55.214 [info] fatal: not a git repository (or any of the parent directories): .git
2025-03-09 23:11:55.214 [info] > git rev-parse --show-toplevel [23ms]
2025-03-09 23:11:55.214 [info] fatal: not a git repository (or any of the parent directories): .git
2025-03-09 23:11:55.214 [info] > git rev-parse --show-toplevel [4ms]
2025-03-09 23:11:55.214 [info] fatal: not a git repository (or any of the parent directories): .git
2025-03-09 23:11:55.214 [info] [Model][doInitialScan] Initial repository scan completed - repositories (0), closed repositories (0), parent repositories (0), unsafe repositories (0)
2025-03-09 23:11:55.894 [info] > git rev-parse --show-toplevel [1ms]
2025-03-09 23:11:55.894 [info] fatal: not a git repository (or any of the parent directories): .git
2025-03-09 23:14:32.720 [info] > git rev-parse --show-toplevel [14ms]
2025-03-09 23:14:32.720 [info] fatal: not a git repository (or any of the parent directories): .git
2025-03-09 23:14:33.386 [info] > git rev-parse --show-toplevel [2ms]
2025-03-09 23:14:33.386 [info] fatal: not a git repository (or any of the parent directories): .git
2025-03-09 23:15:28.778 [info] > git rev-parse --show-toplevel [1ms]
2025-03-09 23:15:28.778 [info] fatal: not a git repository (or any of the parent directories): .git
2025-03-09 23:22:22.135 [info] > git rev-parse --show-toplevel [2ms]
2025-03-09 23:22:22.135 [info] fatal: not a git repository (or any of the parent directories): .git
2025-03-09 23:22:30.289 [info] > git rev-parse --show-toplevel [2ms]
2025-03-09 23:22:30.289 [info] fatal: not a git repository (or any of the parent directories): .git
2025-03-09 23:22:36.455 [info] > git rev-parse --show-toplevel [2ms]
2025-03-09 23:22:36.455 [info] fatal: not a git repository (or any of the parent directories): .git
2025-03-09 23:22:43.598 [info] > git rev-parse --show-toplevel [1ms]
2025-03-09 23:22:43.598 [info] fatal: not a git repository (or any of the parent directories): .git
2025-03-09 23:22:45.843 [info] > git rev-parse --show-toplevel [1ms]
2025-03-09 23:22:45.843 [info] fatal: not a git repository (or any of the parent directories): .git
2025-03-09 23:24:07.501 [info] > git rev-parse --show-toplevel [1ms]
2025-03-09 23:24:07.501 [info] fatal: not a git repository (or any of the parent directories): .git
2025-03-09 23:24:09.038 [info] > git rev-parse --show-toplevel [2ms]
2025-03-09 23:24:09.038 [info] fatal: not a git repository (or any of the parent directories): .git
2025-03-09 23:24:40.020 [info] > git rev-parse --show-toplevel [1ms]
2025-03-09 23:24:40.020 [info] fatal: not a git repository (or any of the parent directories): .git
2025-03-09 23:27:08.636 [info] > git rev-parse --show-toplevel [0ms]
2025-03-09 23:27:08.636 [info] fatal: not a git repository (or any of the parent directories): .git
2025-03-09 23:27:23.006 [info] > git rev-parse --show-toplevel [1ms]
2025-03-09 23:27:23.007 [info] fatal: not a git repository (or any of the parent directories): .git
2025-03-09 23:27:41.374 [info] > git rev-parse --show-toplevel [2ms]
2025-03-09 23:27:41.374 [info] fatal: not a git repository (or any of the parent directories): .git
2025-03-09 23:32:04.335 [info] > git rev-parse --show-toplevel [1ms]
2025-03-09 23:32:04.335 [info] fatal: not a git repository (or any of the parent directories): .git
2025-03-09 23:32:15.061 [info] > git rev-parse --show-toplevel [1ms]
2025-03-09 23:32:15.061 [info] fatal: not a git repository (or any of the parent directories): .git
2025-03-09 23:33:44.300 [info] > git rev-parse --show-toplevel [1ms]
2025-03-09 23:33:44.300 [info] fatal: not a git repository (or any of the parent directories): .git
2025-03-09 23:35:11.482 [info] > git rev-parse --show-toplevel [2ms]
2025-03-09 23:35:11.482 [info] fatal: not a git repository (or any of the parent directories): .git
2025-03-09 23:35:16.748 [info] > git rev-parse --show-toplevel [0ms]
2025-03-09 23:35:16.749 [info] fatal: not a git repository (or any of the parent directories): .git
2025-03-09 23:35:17.703 [info] > git rev-parse --show-toplevel [1ms]
2025-03-09 23:35:17.703 [info] fatal: not a git repository (or any of the parent directories): .git
2025-03-09 23:35:25.794 [info] > git rev-parse --show-toplevel [1ms]
2025-03-09 23:35:25.794 [info] fatal: not a git repository (or any of the parent directories): .git
2025-03-09 23:35:44.812 [info] > git rev-parse --show-toplevel [1ms]
2025-03-09 23:35:44.812 [info] fatal: not a git repository (or any of the parent directories): .git
2025-03-09 23:35:47.521 [info] > git rev-parse --show-toplevel [1ms]
2025-03-09 23:35:47.521 [info] fatal: not a git repository (or any of the parent directories): .git
2025-03-09 23:35:49.118 [info] > git rev-parse --show-toplevel [1ms]
2025-03-09 23:35:49.118 [info] fatal: not a git repository (or any of the parent directories): .git
2025-03-09 23:35:50.296 [info] > git rev-parse --show-toplevel [1ms]
2025-03-09 23:35:50.296 [info] fatal: not a git repository (or any of the parent directories): .git
2025-03-09 23:35:52.544 [info] > git rev-parse --show-toplevel [1ms]
2025-03-09 23:35:52.544 [info] fatal: not a git repository (or any of the parent directories): .git
2025-03-09 23:38:29.784 [info] > git rev-parse --show-toplevel [2ms]
2025-03-09 23:38:29.785 [info] fatal: not a git repository (or any of the parent directories): .git
