0 verbose cli /usr/bin/node /usr/bin/npm
1 info using npm@9.2.0
2 info using node@v18.19.1
3 timing npm:load:whichnode Completed in 0ms
4 timing config:load:defaults Completed in 2ms
5 timing config:load:file:/usr/share/nodejs/npm/npmrc Completed in 4ms
6 timing config:load:builtin Completed in 4ms
7 timing config:load:cli Completed in 2ms
8 timing config:load:env Completed in 1ms
9 timing config:load:project Completed in 4ms
10 timing config:load:file:/home/jamie/.npmrc Completed in 0ms
11 timing config:load:user Completed in 1ms
12 timing config:load:file:/etc/npmrc Completed in 1ms
13 timing config:load:global Completed in 1ms
14 timing config:load:setEnvs Completed in 1ms
15 timing config:load Completed in 16ms
16 timing npm:load:configload Completed in 16ms
17 timing npm:load:mkdirpcache Completed in 1ms
18 timing npm:load:mkdirplogs Completed in 2ms
19 verbose title npm install live-server
20 verbose argv "install" "--global" "live-server"
21 timing npm:load:setTitle Completed in 1ms
22 timing config:load:flatten Completed in 4ms
23 timing npm:load:display Completed in 4ms
24 verbose logfile logs-max:10 dir:/home/jamie/.npm/_logs/2025-03-05T04_51_36_054Z-
25 verbose logfile /home/jamie/.npm/_logs/2025-03-05T04_51_36_054Z-debug-0.log
26 timing npm:load:logFile Completed in 7ms
27 timing npm:load:timers Completed in 0ms
28 timing npm:load:configScope Completed in 0ms
29 timing npm:load Completed in 32ms
30 timing config:load:flatten Completed in 0ms
31 timing arborist:ctor Completed in 1ms
32 silly logfile done cleaning log files
33 timing idealTree:init Completed in 5ms
34 timing idealTree:userRequests Completed in 3ms
35 silly idealTree buildDeps
36 silly fetch manifest live-server@*
37 http fetch GET 200 https://registry.npmjs.org/live-server 311ms (cache miss)
38 silly placeDep ROOT live-server@1.2.2 OK for:  want: *
39 silly fetch manifest opn@latest
40 silly fetch manifest cors@latest
41 silly fetch manifest send@latest
42 silly fetch manifest colors@1.4.0
43 silly fetch manifest morgan@^1.9.1
44 silly fetch manifest connect@^3.6.6
45 silly fetch manifest chokidar@^2.0.4
46 silly fetch manifest http-auth@3.1.x
47 silly fetch manifest serve-index@^1.9.1
48 silly fetch manifest event-stream@3.3.4
49 silly fetch manifest object-assign@latest
50 silly fetch manifest faye-websocket@0.11.x
51 silly fetch manifest proxy-middleware@latest
52 http fetch GET 200 https://registry.npmjs.org/opn 55ms (cache miss)
53 http fetch GET 200 https://registry.npmjs.org/serve-index 87ms (cache miss)
54 http fetch GET 200 https://registry.npmjs.org/cors 96ms (cache miss)
55 http fetch GET 200 https://registry.npmjs.org/object-assign 92ms (cache miss)
56 http fetch GET 200 https://registry.npmjs.org/colors 106ms (cache miss)
57 http fetch GET 200 https://registry.npmjs.org/event-stream 116ms (cache miss)
58 http fetch GET 200 https://registry.npmjs.org/faye-websocket 120ms (cache miss)
59 http fetch GET 200 https://registry.npmjs.org/http-auth 140ms (cache miss)
60 http fetch GET 200 https://registry.npmjs.org/send 156ms (cache miss)
61 http fetch GET 200 https://registry.npmjs.org/proxy-middleware 150ms (cache miss)
62 http fetch GET 200 https://registry.npmjs.org/morgan 162ms (cache miss)
63 http fetch GET 200 https://registry.npmjs.org/chokidar 162ms (cache miss)
64 http fetch GET 200 https://registry.npmjs.org/connect 210ms (cache miss)
65 timing idealTree:#root Completed in 541ms
66 silly placeDep node_modules/live-server chokidar@2.1.8 OK for: live-server@1.2.2 want: ^2.0.4
67 silly placeDep node_modules/live-server colors@1.4.0 OK for: live-server@1.2.2 want: 1.4.0
68 silly placeDep node_modules/live-server connect@3.7.0 OK for: live-server@1.2.2 want: ^3.6.6
69 silly placeDep node_modules/live-server cors@2.8.5 OK for: live-server@1.2.2 want: latest
70 silly placeDep node_modules/live-server event-stream@3.3.4 OK for: live-server@1.2.2 want: 3.3.4
71 silly placeDep node_modules/live-server faye-websocket@0.11.4 OK for: live-server@1.2.2 want: 0.11.x
72 silly placeDep node_modules/live-server http-auth@3.1.3 OK for: live-server@1.2.2 want: 3.1.x
73 silly placeDep node_modules/live-server morgan@1.10.0 OK for: live-server@1.2.2 want: ^1.9.1
74 silly placeDep node_modules/live-server object-assign@4.1.1 OK for: live-server@1.2.2 want: latest
75 silly placeDep node_modules/live-server opn@6.0.0 OK for: live-server@1.2.2 want: latest
76 silly placeDep node_modules/live-server proxy-middleware@0.15.0 OK for: live-server@1.2.2 want: latest
77 silly placeDep node_modules/live-server send@1.1.0 OK for: live-server@1.2.2 want: latest
78 silly placeDep node_modules/live-server serve-index@1.9.1 OK for: live-server@1.2.2 want: ^1.9.1
79 silly fetch manifest upath@^1.1.1
80 silly fetch manifest braces@^2.3.2
81 silly fetch manifest is-glob@^4.0.0
82 silly fetch manifest anymatch@^2.0.0
83 silly fetch manifest inherits@^2.0.3
84 silly fetch manifest readdirp@^2.2.1
85 silly fetch manifest async-each@^1.0.1
86 silly fetch manifest glob-parent@^3.1.0
87 silly fetch manifest is-binary-path@^1.0.0
88 silly fetch manifest normalize-path@^3.0.0
89 silly fetch manifest path-is-absolute@^1.0.0
90 silly fetch manifest fsevents@^1.2.7
91 silly fetch manifest debug@2.6.9
92 silly fetch manifest finalhandler@1.1.2
93 silly fetch manifest parseurl@~1.3.3
94 silly fetch manifest utils-merge@1.0.1
95 silly fetch manifest vary@^1
96 silly fetch manifest through@~2.3.1
97 silly fetch manifest duplexer@~0.1.1
98 silly fetch manifest from@~0
99 silly fetch manifest map-stream@~0.1.0
100 silly fetch manifest pause-stream@0.0.11
101 silly fetch manifest split@0.3
102 silly fetch manifest stream-combiner@~0.0.4
103 silly fetch manifest websocket-driver@>=0.5.1
104 silly fetch manifest apache-crypt@^1.1.2
105 silly fetch manifest apache-md5@^1.0.6
106 silly fetch manifest bcryptjs@^2.3.0
107 silly fetch manifest uuid@^3.0.0
108 silly fetch manifest depd@~2.0.0
109 silly fetch manifest basic-auth@~2.0.1
110 silly fetch manifest on-headers@~1.0.2
111 silly fetch manifest on-finished@~2.3.0
112 silly fetch manifest is-wsl@^1.1.0
113 silly fetch manifest ms@^2.1.3
114 silly fetch manifest etag@^1.8.1
115 silly fetch manifest debug@^4.3.5
116 silly fetch manifest fresh@^0.5.2
117 silly fetch manifest destroy@^1.2.0
118 silly fetch manifest statuses@^2.0.1
119 silly fetch manifest encodeurl@^2.0.0
120 silly fetch manifest mime-types@^2.1.35
121 silly fetch manifest escape-html@^1.0.3
122 silly fetch manifest http-errors@^2.0.0
123 silly fetch manifest on-finished@^2.4.1
124 silly fetch manifest range-parser@^1.2.1
125 silly fetch manifest batch@0.6.1
126 silly fetch manifest accepts@~1.3.4
127 silly fetch manifest parseurl@~1.3.2
128 silly fetch manifest mime-types@~2.1.17
129 silly fetch manifest escape-html@~1.0.3
130 silly fetch manifest http-errors@~1.6.2
131 http fetch GET 200 https://registry.npmjs.org/inherits 117ms (cache miss)
132 http fetch GET 200 https://registry.npmjs.org/upath 122ms (cache miss)
133 http fetch GET 200 https://registry.npmjs.org/is-glob 124ms (cache miss)
134 http fetch GET 200 https://registry.npmjs.org/normalize-path 130ms (cache miss)
135 http fetch GET 200 https://registry.npmjs.org/is-binary-path 130ms (cache miss)
136 http fetch GET 200 https://registry.npmjs.org/async-each 132ms (cache miss)
137 http fetch GET 200 https://registry.npmjs.org/path-is-absolute 137ms (cache miss)
138 http fetch GET 200 https://registry.npmjs.org/glob-parent 140ms (cache miss)
139 http fetch GET 200 https://registry.npmjs.org/anymatch 141ms (cache miss)
140 http fetch GET 200 https://registry.npmjs.org/braces 157ms (cache miss)
141 http fetch GET 200 https://registry.npmjs.org/readdirp 201ms (cache miss)
142 http fetch GET 200 https://registry.npmjs.org/utils-merge 208ms (cache miss)
143 http fetch GET 200 https://registry.npmjs.org/vary 211ms (cache miss)
144 http fetch GET 200 https://registry.npmjs.org/split 208ms (cache miss)
145 http fetch GET 200 https://registry.npmjs.org/through 211ms (cache miss)
146 http fetch GET 200 https://registry.npmjs.org/stream-combiner 208ms (cache miss)
147 http fetch GET 200 https://registry.npmjs.org/pause-stream 210ms (cache miss)
148 http fetch GET 200 https://registry.npmjs.org/fsevents 223ms (cache miss)
149 http fetch GET 200 https://registry.npmjs.org/duplexer 217ms (cache miss)
150 http fetch GET 200 https://registry.npmjs.org/bcryptjs 214ms (cache miss)
151 http fetch GET 200 https://registry.npmjs.org/websocket-driver 216ms (cache miss)
152 http fetch GET 200 https://registry.npmjs.org/map-stream 223ms (cache miss)
153 http fetch GET 200 https://registry.npmjs.org/debug 231ms (cache miss)
154 http fetch GET 200 https://registry.npmjs.org/on-finished 218ms (cache miss)
155 http fetch GET 200 https://registry.npmjs.org/apache-crypt 226ms (cache miss)
156 http fetch GET 200 https://registry.npmjs.org/parseurl 235ms (cache miss)
157 http fetch GET 200 https://registry.npmjs.org/escape-html 215ms (cache miss)
158 http fetch GET 200 https://registry.npmjs.org/on-headers 225ms (cache miss)
159 http fetch GET 200 https://registry.npmjs.org/basic-auth 225ms (cache miss)
160 http fetch GET 200 https://registry.npmjs.org/fresh 218ms (cache miss)
161 http fetch GET 200 https://registry.npmjs.org/apache-md5 234ms (cache miss)
162 http fetch GET 200 https://registry.npmjs.org/depd 232ms (cache miss)
163 http fetch GET 200 https://registry.npmjs.org/ms 230ms (cache miss)
164 http fetch GET 200 https://registry.npmjs.org/encodeurl 225ms (cache miss)
165 http fetch GET 200 https://registry.npmjs.org/etag 231ms (cache miss)
166 http fetch GET 200 https://registry.npmjs.org/is-wsl 234ms (cache miss)
167 http fetch GET 200 https://registry.npmjs.org/destroy 227ms (cache miss)
168 http fetch GET 200 https://registry.npmjs.org/on-finished 225ms (cache miss)
169 http fetch GET 200 https://registry.npmjs.org/parseurl 223ms (cache miss)
170 http fetch GET 200 https://registry.npmjs.org/finalhandler 249ms (cache miss)
171 http fetch GET 200 https://registry.npmjs.org/range-parser 226ms (cache miss)
172 http fetch GET 200 https://registry.npmjs.org/uuid 239ms (cache miss)
173 http fetch GET 200 https://registry.npmjs.org/statuses 231ms (cache miss)
174 http fetch GET 200 https://registry.npmjs.org/batch 231ms (cache miss)
175 http fetch GET 200 https://registry.npmjs.org/http-errors 229ms (cache miss)
176 http fetch GET 200 https://registry.npmjs.org/mime-types 231ms (cache miss)
177 http fetch GET 200 https://registry.npmjs.org/escape-html 232ms (cache miss)
178 http fetch GET 200 https://registry.npmjs.org/http-errors 236ms (cache miss)
179 http fetch GET 200 https://registry.npmjs.org/mime-types 237ms (cache miss)
180 http fetch GET 200 https://registry.npmjs.org/debug 241ms (cache miss)
181 http fetch GET 200 https://registry.npmjs.org/accepts 350ms (cache miss)
182 http fetch GET 200 https://registry.npmjs.org/from 613ms (cache miss)
183 timing idealTree:node_modules/live-server Completed in 652ms
184 silly placeDep node_modules/live-server anymatch@2.0.0 OK for: chokidar@2.1.8 want: ^2.0.0
185 silly placeDep node_modules/live-server async-each@1.0.6 OK for: chokidar@2.1.8 want: ^1.0.1
186 silly placeDep node_modules/live-server braces@2.3.2 OK for: chokidar@2.1.8 want: ^2.3.2
187 silly placeDep node_modules/live-server fsevents@1.2.13 OK for: chokidar@2.1.8 want: ^1.2.7
188 silly placeDep node_modules/live-server glob-parent@3.1.0 OK for: chokidar@2.1.8 want: ^3.1.0
189 silly placeDep node_modules/live-server inherits@2.0.4 OK for: chokidar@2.1.8 want: ^2.0.3
190 silly placeDep node_modules/live-server is-binary-path@1.0.1 OK for: chokidar@2.1.8 want: ^1.0.0
191 silly placeDep node_modules/live-server is-glob@4.0.3 OK for: chokidar@2.1.8 want: ^4.0.0
192 silly placeDep node_modules/live-server normalize-path@3.0.0 OK for: chokidar@2.1.8 want: ^3.0.0
193 silly placeDep node_modules/live-server path-is-absolute@1.0.1 OK for: chokidar@2.1.8 want: ^1.0.0
194 silly placeDep node_modules/live-server readdirp@2.2.1 OK for: chokidar@2.1.8 want: ^2.2.1
195 silly placeDep node_modules/live-server upath@1.2.0 OK for: chokidar@2.1.8 want: ^1.1.1
196 silly fetch manifest micromatch@^3.1.4
197 silly fetch manifest normalize-path@^2.1.1
198 silly fetch manifest isobject@^3.0.1
199 silly fetch manifest to-regex@^3.0.1
200 silly fetch manifest fill-range@^4.0.0
201 silly fetch manifest snapdragon@^0.8.1
202 silly fetch manifest arr-flatten@^1.1.0
203 silly fetch manifest array-unique@^0.3.2
204 silly fetch manifest split-string@^3.0.2
205 silly fetch manifest extend-shallow@^2.0.1
206 silly fetch manifest repeat-element@^1.1.2
207 silly fetch manifest snapdragon-node@^2.0.1
208 silly fetch manifest nan@^2.12.1
209 silly fetch manifest bindings@^1.5.0
210 silly fetch manifest is-glob@^3.1.0
211 silly fetch manifest path-dirname@^1.0.0
212 silly fetch manifest binary-extensions@^1.0.0
213 silly fetch manifest is-extglob@^2.1.1
214 silly fetch manifest micromatch@^3.1.10
215 silly fetch manifest graceful-fs@^4.1.11
216 silly fetch manifest readable-stream@^2.0.2
217 http fetch GET 200 https://registry.npmjs.org/path-dirname 85ms (cache miss)
218 http fetch GET 200 https://registry.npmjs.org/array-unique 92ms (cache miss)
219 http fetch GET 200 https://registry.npmjs.org/micromatch 98ms (cache miss)
220 http fetch GET 200 https://registry.npmjs.org/extend-shallow 96ms (cache miss)
221 http fetch GET 200 https://registry.npmjs.org/isobject 104ms (cache miss)
222 http fetch GET 200 https://registry.npmjs.org/to-regex 103ms (cache miss)
223 http fetch GET 200 https://registry.npmjs.org/arr-flatten 103ms (cache miss)
224 http fetch GET 200 https://registry.npmjs.org/snapdragon-node 100ms (cache miss)
225 http fetch GET 200 https://registry.npmjs.org/bindings 101ms (cache miss)
226 http fetch GET 200 https://registry.npmjs.org/repeat-element 103ms (cache miss)
227 http fetch GET 200 https://registry.npmjs.org/fill-range 107ms (cache miss)
228 http fetch GET 200 https://registry.npmjs.org/is-extglob 101ms (cache miss)
229 http fetch GET 200 https://registry.npmjs.org/split-string 106ms (cache miss)
230 http fetch GET 200 https://registry.npmjs.org/nan 105ms (cache miss)
231 http fetch GET 200 https://registry.npmjs.org/binary-extensions 105ms (cache miss)
232 http fetch GET 200 https://registry.npmjs.org/snapdragon 111ms (cache miss)
233 http fetch GET 200 https://registry.npmjs.org/micromatch 105ms (cache miss)
234 http fetch GET 200 https://registry.npmjs.org/graceful-fs 105ms (cache miss)
235 http fetch GET 200 https://registry.npmjs.org/readable-stream 107ms (cache miss)
236 timing idealTree:node_modules/live-server/node_modules/chokidar Completed in 133ms
237 silly placeDep node_modules/live-server micromatch@3.1.10 OK for: anymatch@2.0.0 want: ^3.1.4
238 silly placeDep node_modules/live-server/node_modules/anymatch normalize-path@2.1.1 OK for: anymatch@2.0.0 want: ^2.1.1
239 silly fetch manifest extglob@^2.0.4
240 silly fetch manifest kind-of@^6.0.2
241 silly fetch manifest arr-diff@^4.0.0
242 silly fetch manifest to-regex@^3.0.2
243 silly fetch manifest nanomatch@^1.2.9
244 silly fetch manifest regex-not@^1.0.0
245 silly fetch manifest object.pick@^1.3.0
246 silly fetch manifest extend-shallow@^3.0.2
247 silly fetch manifest fragment-cache@^0.2.1
248 silly fetch manifest define-property@^2.0.2
249 silly fetch manifest remove-trailing-separator@^1.0.1
250 http fetch GET 200 https://registry.npmjs.org/extglob 32ms (cache miss)
251 http fetch GET 200 https://registry.npmjs.org/regex-not 44ms (cache miss)
252 http fetch GET 200 https://registry.npmjs.org/arr-diff 46ms (cache miss)
253 http fetch GET 200 https://registry.npmjs.org/fragment-cache 43ms (cache miss)
254 http fetch GET 200 https://registry.npmjs.org/nanomatch 46ms (cache miss)
255 http fetch GET 200 https://registry.npmjs.org/object.pick 46ms (cache miss)
256 http fetch GET 200 https://registry.npmjs.org/kind-of 49ms (cache miss)
257 http fetch GET 200 https://registry.npmjs.org/define-property 45ms (cache miss)
258 http fetch GET 200 https://registry.npmjs.org/remove-trailing-separator 46ms (cache miss)
259 timing idealTree:node_modules/live-server/node_modules/anymatch Completed in 57ms
260 timing idealTree:node_modules/live-server/node_modules/async-each Completed in 0ms
261 silly placeDep node_modules/live-server arr-flatten@1.1.0 OK for: braces@2.3.2 want: ^1.1.0
262 silly placeDep node_modules/live-server array-unique@0.3.2 OK for: braces@2.3.2 want: ^0.3.2
263 silly placeDep node_modules/live-server extend-shallow@2.0.1 OK for: braces@2.3.2 want: ^2.0.1
264 silly placeDep node_modules/live-server fill-range@4.0.0 OK for: braces@2.3.2 want: ^4.0.0
265 silly placeDep node_modules/live-server isobject@3.0.1 OK for: braces@2.3.2 want: ^3.0.1
266 silly placeDep node_modules/live-server repeat-element@1.1.4 OK for: braces@2.3.2 want: ^1.1.2
267 silly placeDep node_modules/live-server snapdragon@0.8.2 OK for: braces@2.3.2 want: ^0.8.1
268 silly placeDep node_modules/live-server snapdragon-node@2.1.1 OK for: braces@2.3.2 want: ^2.0.1
269 silly placeDep node_modules/live-server split-string@3.1.0 OK for: braces@2.3.2 want: ^3.0.2
270 silly placeDep node_modules/live-server to-regex@3.0.2 OK for: braces@2.3.2 want: ^3.0.1
271 silly fetch manifest is-extendable@^0.1.0
272 silly fetch manifest is-number@^3.0.0
273 silly fetch manifest repeat-string@^1.6.1
274 silly fetch manifest to-regex-range@^2.1.0
275 silly fetch manifest base@^0.11.1
276 silly fetch manifest debug@^2.2.0
277 silly fetch manifest define-property@^0.2.5
278 silly fetch manifest map-cache@^0.2.2
279 silly fetch manifest source-map@^0.5.6
280 silly fetch manifest source-map-resolve@^0.5.0
281 silly fetch manifest use@^3.1.0
282 silly fetch manifest define-property@^1.0.0
283 silly fetch manifest snapdragon-util@^3.0.1
284 silly fetch manifest extend-shallow@^3.0.0
285 silly fetch manifest regex-not@^1.0.2
286 silly fetch manifest safe-regex@^1.1.0
287 http fetch GET 200 https://registry.npmjs.org/to-regex-range 57ms (cache miss)
288 http fetch GET 200 https://registry.npmjs.org/use 56ms (cache miss)
289 http fetch GET 200 https://registry.npmjs.org/is-number 61ms (cache miss)
290 http fetch GET 200 https://registry.npmjs.org/repeat-string 60ms (cache miss)
291 http fetch GET 200 https://registry.npmjs.org/map-cache 59ms (cache miss)
292 http fetch GET 200 https://registry.npmjs.org/is-extendable 62ms (cache miss)
293 http fetch GET 200 https://registry.npmjs.org/safe-regex 57ms (cache miss)
294 http fetch GET 200 https://registry.npmjs.org/source-map-resolve 61ms (cache miss)
295 http fetch GET 200 https://registry.npmjs.org/base 64ms (cache miss)
296 http fetch GET 200 https://registry.npmjs.org/source-map 64ms (cache miss)
297 http fetch GET 200 https://registry.npmjs.org/snapdragon-util 64ms (cache miss)
298 timing idealTree:node_modules/live-server/node_modules/braces Completed in 79ms
299 timing idealTree:node_modules/live-server/node_modules/arr-flatten Completed in 1ms
300 timing idealTree:node_modules/live-server/node_modules/array-unique Completed in 0ms
301 timing idealTree:node_modules/live-server/node_modules/colors Completed in 0ms
302 silly placeDep node_modules/live-server debug@2.6.9 OK for: connect@3.7.0 want: 2.6.9
303 silly placeDep node_modules/live-server finalhandler@1.1.2 OK for: connect@3.7.0 want: 1.1.2
304 silly placeDep node_modules/live-server parseurl@1.3.3 OK for: connect@3.7.0 want: ~1.3.3
305 silly placeDep node_modules/live-server utils-merge@1.0.1 OK for: connect@3.7.0 want: 1.0.1
306 silly fetch manifest ms@2.0.0
307 silly fetch manifest unpipe@~1.0.0
308 silly fetch manifest statuses@~1.5.0
309 silly fetch manifest encodeurl@~1.0.2
310 http fetch GET 200 https://registry.npmjs.org/unpipe 65ms (cache miss)
311 timing idealTree:node_modules/live-server/node_modules/connect Completed in 69ms
312 silly placeDep node_modules/live-server vary@1.1.2 OK for: cors@2.8.5 want: ^1
313 timing idealTree:node_modules/live-server/node_modules/cors Completed in 3ms
314 silly placeDep node_modules/live-server ms@2.0.0 OK for: debug@2.6.9 want: 2.0.0
315 timing idealTree:node_modules/live-server/node_modules/debug Completed in 2ms
316 silly placeDep node_modules/live-server duplexer@0.1.2 OK for: event-stream@3.3.4 want: ~0.1.1
317 silly placeDep node_modules/live-server from@0.1.7 OK for: event-stream@3.3.4 want: ~0
318 silly placeDep node_modules/live-server map-stream@0.1.0 OK for: event-stream@3.3.4 want: ~0.1.0
319 silly placeDep node_modules/live-server pause-stream@0.0.11 OK for: event-stream@3.3.4 want: 0.0.11
320 silly placeDep node_modules/live-server split@0.3.3 OK for: event-stream@3.3.4 want: 0.3
321 silly placeDep node_modules/live-server stream-combiner@0.0.4 OK for: event-stream@3.3.4 want: ~0.0.4
322 silly placeDep node_modules/live-server through@2.3.8 OK for: event-stream@3.3.4 want: ~2.3.1
323 timing idealTree:node_modules/live-server/node_modules/event-stream Completed in 10ms
324 timing idealTree:node_modules/live-server/node_modules/duplexer Completed in 0ms
325 silly placeDep node_modules/live-server is-extendable@0.1.1 OK for: extend-shallow@2.0.1 want: ^0.1.0
326 timing idealTree:node_modules/live-server/node_modules/extend-shallow Completed in 1ms
327 silly placeDep node_modules/live-server websocket-driver@0.7.4 OK for: faye-websocket@0.11.4 want: >=0.5.1
328 silly fetch manifest http-parser-js@>=0.5.1
329 silly fetch manifest safe-buffer@>=5.1.0
330 silly fetch manifest websocket-extensions@>=0.1.1
331 http fetch GET 200 https://registry.npmjs.org/safe-buffer 33ms (cache miss)
332 http fetch GET 200 https://registry.npmjs.org/http-parser-js 48ms (cache miss)
333 http fetch GET 200 https://registry.npmjs.org/websocket-extensions 48ms (cache miss)
334 timing idealTree:node_modules/live-server/node_modules/faye-websocket Completed in 50ms
335 silly placeDep node_modules/live-server is-number@3.0.0 OK for: fill-range@4.0.0 want: ^3.0.0
336 silly placeDep node_modules/live-server repeat-string@1.6.1 OK for: fill-range@4.0.0 want: ^1.6.1
337 silly placeDep node_modules/live-server to-regex-range@2.1.1 OK for: fill-range@4.0.0 want: ^2.1.0
338 silly fetch manifest kind-of@^3.0.2
339 timing idealTree:node_modules/live-server/node_modules/fill-range Completed in 4ms
340 silly placeDep node_modules/live-server encodeurl@1.0.2 OK for: finalhandler@1.1.2 want: ~1.0.2
341 silly placeDep node_modules/live-server escape-html@1.0.3 OK for: finalhandler@1.1.2 want: ~1.0.3
342 silly placeDep node_modules/live-server on-finished@2.3.0 OK for: finalhandler@1.1.2 want: ~2.3.0
343 silly placeDep node_modules/live-server statuses@1.5.0 OK for: finalhandler@1.1.2 want: ~1.5.0
344 silly placeDep node_modules/live-server unpipe@1.0.0 OK for: finalhandler@1.1.2 want: ~1.0.0
345 silly fetch manifest ee-first@1.1.1
346 http fetch GET 200 https://registry.npmjs.org/ee-first 33ms (cache miss)
347 timing idealTree:node_modules/live-server/node_modules/finalhandler Completed in 39ms
348 timing idealTree:node_modules/live-server/node_modules/encodeurl Completed in 0ms
349 timing idealTree:node_modules/live-server/node_modules/escape-html Completed in 0ms
350 timing idealTree:node_modules/live-server/node_modules/from Completed in 0ms
351 silly placeDep node_modules/live-server bindings@1.5.0 OK for: fsevents@1.2.13 want: ^1.5.0
352 silly placeDep node_modules/live-server nan@2.22.2 OK for: fsevents@1.2.13 want: ^2.12.1
353 silly fetch manifest file-uri-to-path@1.0.0
354 http fetch GET 200 https://registry.npmjs.org/file-uri-to-path 36ms (cache miss)
355 timing idealTree:node_modules/live-server/node_modules/fsevents Completed in 38ms
356 silly placeDep node_modules/live-server file-uri-to-path@1.0.0 OK for: bindings@1.5.0 want: 1.0.0
357 timing idealTree:node_modules/live-server/node_modules/bindings Completed in 2ms
358 timing idealTree:node_modules/live-server/node_modules/file-uri-to-path Completed in 0ms
359 silly placeDep node_modules/live-server/node_modules/glob-parent is-glob@3.1.0 OK for: glob-parent@3.1.0 want: ^3.1.0
360 silly placeDep node_modules/live-server path-dirname@1.0.2 OK for: glob-parent@3.1.0 want: ^1.0.0
361 silly fetch manifest is-extglob@^2.1.0
362 timing idealTree:node_modules/live-server/node_modules/glob-parent Completed in 3ms
363 silly placeDep node_modules/live-server apache-crypt@1.2.6 OK for: http-auth@3.1.3 want: ^1.1.2
364 silly placeDep node_modules/live-server apache-md5@1.1.8 OK for: http-auth@3.1.3 want: ^1.0.6
365 silly placeDep node_modules/live-server bcryptjs@2.4.3 OK for: http-auth@3.1.3 want: ^2.3.0
366 silly placeDep node_modules/live-server uuid@3.4.0 OK for: http-auth@3.1.3 want: ^3.0.0
367 silly fetch manifest unix-crypt-td-js@^1.1.4
368 http fetch GET 200 https://registry.npmjs.org/unix-crypt-td-js 42ms (cache miss)
369 timing idealTree:node_modules/live-server/node_modules/http-auth Completed in 47ms
370 silly placeDep node_modules/live-server unix-crypt-td-js@1.1.4 OK for: apache-crypt@1.2.6 want: ^1.1.4
371 timing idealTree:node_modules/live-server/node_modules/apache-crypt Completed in 1ms
372 timing idealTree:node_modules/live-server/node_modules/apache-md5 Completed in 0ms
373 timing idealTree:node_modules/live-server/node_modules/bcryptjs Completed in 0ms
374 timing idealTree:node_modules/live-server/node_modules/inherits Completed in 0ms
375 silly placeDep node_modules/live-server binary-extensions@1.13.1 OK for: is-binary-path@1.0.1 want: ^1.0.0
376 timing idealTree:node_modules/live-server/node_modules/is-binary-path Completed in 0ms
377 timing idealTree:node_modules/live-server/node_modules/binary-extensions Completed in 0ms
378 timing idealTree:node_modules/live-server/node_modules/is-extendable Completed in 0ms
379 silly placeDep node_modules/live-server is-extglob@2.1.1 OK for: is-glob@4.0.3 want: ^2.1.1
380 timing idealTree:node_modules/live-server/node_modules/is-glob Completed in 0ms
381 timing idealTree:node_modules/live-server/node_modules/is-extglob Completed in 0ms
382 silly placeDep node_modules/live-server kind-of@3.2.2 OK for: is-number@3.0.0 want: ^3.0.2
383 silly fetch manifest is-buffer@^1.1.5
384 http fetch GET 200 https://registry.npmjs.org/is-buffer 30ms (cache miss)
385 timing idealTree:node_modules/live-server/node_modules/is-number Completed in 32ms
386 timing idealTree:node_modules/live-server/node_modules/isobject Completed in 0ms
387 silly placeDep node_modules/live-server is-buffer@1.1.6 OK for: kind-of@3.2.2 want: ^1.1.5
388 timing idealTree:node_modules/live-server/node_modules/kind-of Completed in 1ms
389 timing idealTree:node_modules/live-server/node_modules/is-buffer Completed in 0ms
390 timing idealTree:node_modules/live-server/node_modules/map-stream Completed in 0ms
391 silly placeDep node_modules/live-server arr-diff@4.0.0 OK for: micromatch@3.1.10 want: ^4.0.0
392 silly placeDep node_modules/live-server define-property@2.0.2 OK for: micromatch@3.1.10 want: ^2.0.2
393 silly placeDep node_modules/live-server/node_modules/micromatch extend-shallow@3.0.2 OK for: micromatch@3.1.10 want: ^3.0.2
394 silly placeDep node_modules/live-server extglob@2.0.4 OK for: micromatch@3.1.10 want: ^2.0.4
395 silly placeDep node_modules/live-server fragment-cache@0.2.1 OK for: micromatch@3.1.10 want: ^0.2.1
396 silly placeDep node_modules/live-server/node_modules/micromatch kind-of@6.0.3 OK for: micromatch@3.1.10 want: ^6.0.2
397 silly placeDep node_modules/live-server nanomatch@1.2.13 OK for: micromatch@3.1.10 want: ^1.2.9
398 silly placeDep node_modules/live-server object.pick@1.3.0 OK for: micromatch@3.1.10 want: ^1.3.0
399 silly placeDep node_modules/live-server regex-not@1.0.2 OK for: micromatch@3.1.10 want: ^1.0.0
400 silly fetch manifest is-descriptor@^1.0.2
401 silly fetch manifest assign-symbols@^1.0.0
402 silly fetch manifest is-extendable@^1.0.1
403 silly fetch manifest expand-brackets@^2.1.4
404 silly fetch manifest is-windows@^1.0.2
405 http fetch GET 200 https://registry.npmjs.org/is-windows 34ms (cache miss)
406 http fetch GET 200 https://registry.npmjs.org/assign-symbols 36ms (cache miss)
407 http fetch GET 200 https://registry.npmjs.org/expand-brackets 47ms (cache miss)
408 http fetch GET 200 https://registry.npmjs.org/is-descriptor 64ms (cache miss)
409 timing idealTree:node_modules/live-server/node_modules/micromatch Completed in 74ms
410 timing idealTree:node_modules/live-server/node_modules/arr-diff Completed in 0ms
411 silly placeDep node_modules/live-server is-descriptor@1.0.3 OK for: define-property@2.0.2 want: ^1.0.2
412 silly fetch manifest is-accessor-descriptor@^1.0.1
413 silly fetch manifest is-data-descriptor@^1.0.1
414 http fetch GET 200 https://registry.npmjs.org/is-data-descriptor 38ms (cache miss)
415 http fetch GET 200 https://registry.npmjs.org/is-accessor-descriptor 44ms (cache miss)
416 timing idealTree:node_modules/live-server/node_modules/define-property Completed in 47ms
417 silly placeDep node_modules/live-server/node_modules/extglob define-property@1.0.0 OK for: extglob@2.0.4 want: ^1.0.0
418 silly placeDep node_modules/live-server expand-brackets@2.1.4 OK for: extglob@2.0.4 want: ^2.1.4
419 silly fetch manifest posix-character-classes@^0.1.0
420 http fetch GET 200 https://registry.npmjs.org/posix-character-classes 35ms (cache miss)
421 timing idealTree:node_modules/live-server/node_modules/extglob Completed in 42ms
422 silly placeDep node_modules/live-server/node_modules/expand-brackets define-property@0.2.5 OK for: expand-brackets@2.1.4 want: ^0.2.5
423 silly placeDep node_modules/live-server posix-character-classes@0.1.1 OK for: expand-brackets@2.1.4 want: ^0.1.0
424 silly fetch manifest is-descriptor@^0.1.0
425 timing idealTree:node_modules/live-server/node_modules/expand-brackets Completed in 4ms
426 silly placeDep node_modules/live-server map-cache@0.2.2 OK for: fragment-cache@0.2.1 want: ^0.2.2
427 timing idealTree:node_modules/live-server/node_modules/fragment-cache Completed in 2ms
428 silly placeDep node_modules/live-server is-accessor-descriptor@1.0.1 OK for: is-descriptor@1.0.3 want: ^1.0.1
429 silly placeDep node_modules/live-server is-data-descriptor@1.0.1 OK for: is-descriptor@1.0.3 want: ^1.0.1
430 silly fetch manifest hasown@^2.0.0
431 http fetch GET 200 https://registry.npmjs.org/hasown 31ms (cache miss)
432 timing idealTree:node_modules/live-server/node_modules/is-descriptor Completed in 37ms
433 silly placeDep node_modules/live-server hasown@2.0.2 OK for: is-accessor-descriptor@1.0.1 want: ^2.0.0
434 silly fetch manifest function-bind@^1.1.2
435 http fetch GET 200 https://registry.npmjs.org/function-bind 28ms (cache miss)
436 timing idealTree:node_modules/live-server/node_modules/is-accessor-descriptor Completed in 30ms
437 silly placeDep node_modules/live-server function-bind@1.1.2 OK for: hasown@2.0.2 want: ^1.1.2
438 timing idealTree:node_modules/live-server/node_modules/hasown Completed in 1ms
439 timing idealTree:node_modules/live-server/node_modules/function-bind Completed in 0ms
440 timing idealTree:node_modules/live-server/node_modules/is-data-descriptor Completed in 0ms
441 timing idealTree:node_modules/live-server/node_modules/map-cache Completed in 0ms
442 silly placeDep node_modules/live-server basic-auth@2.0.1 OK for: morgan@1.10.0 want: ~2.0.1
443 silly placeDep node_modules/live-server depd@2.0.0 OK for: morgan@1.10.0 want: ~2.0.0
444 silly placeDep node_modules/live-server on-headers@1.0.2 OK for: morgan@1.10.0 want: ~1.0.2
445 silly fetch manifest safe-buffer@5.1.2
446 timing idealTree:node_modules/live-server/node_modules/morgan Completed in 2ms
447 silly placeDep node_modules/live-server safe-buffer@5.1.2 OK for: basic-auth@2.0.1 want: 5.1.2
448 timing idealTree:node_modules/live-server/node_modules/basic-auth Completed in 1ms
449 timing idealTree:node_modules/live-server/node_modules/depd Completed in 0ms
450 timing idealTree:node_modules/live-server/node_modules/ms Completed in 0ms
451 timing idealTree:node_modules/live-server/node_modules/nan Completed in 0ms
452 silly placeDep node_modules/live-server/node_modules/nanomatch extend-shallow@3.0.2 OK for: nanomatch@1.2.13 want: ^3.0.2
453 silly placeDep node_modules/live-server is-windows@1.0.2 OK for: nanomatch@1.2.13 want: ^1.0.2
454 silly placeDep node_modules/live-server/node_modules/nanomatch kind-of@6.0.3 OK for: nanomatch@1.2.13 want: ^6.0.2
455 timing idealTree:node_modules/live-server/node_modules/nanomatch Completed in 3ms
456 timing idealTree:node_modules/live-server/node_modules/is-windows Completed in 0ms
457 timing idealTree:node_modules/live-server/node_modules/normalize-path Completed in 0ms
458 timing idealTree:node_modules/live-server/node_modules/object-assign Completed in 0ms
459 timing idealTree:node_modules/live-server/node_modules/object.pick Completed in 0ms
460 silly placeDep node_modules/live-server ee-first@1.1.1 OK for: on-finished@2.3.0 want: 1.1.1
461 timing idealTree:node_modules/live-server/node_modules/on-finished Completed in 0ms
462 timing idealTree:node_modules/live-server/node_modules/ee-first Completed in 0ms
463 timing idealTree:node_modules/live-server/node_modules/on-headers Completed in 0ms
464 silly placeDep node_modules/live-server is-wsl@1.1.0 OK for: opn@6.0.0 want: ^1.1.0
465 timing idealTree:node_modules/live-server/node_modules/opn Completed in 0ms
466 timing idealTree:node_modules/live-server/node_modules/is-wsl Completed in 0ms
467 timing idealTree:node_modules/live-server/node_modules/parseurl Completed in 0ms
468 timing idealTree:node_modules/live-server/node_modules/path-dirname Completed in 0ms
469 timing idealTree:node_modules/live-server/node_modules/path-is-absolute Completed in 0ms
470 timing idealTree:node_modules/live-server/node_modules/pause-stream Completed in 0ms
471 timing idealTree:node_modules/live-server/node_modules/posix-character-classes Completed in 1ms
472 timing idealTree:node_modules/live-server/node_modules/proxy-middleware Completed in 0ms
473 silly placeDep node_modules/live-server graceful-fs@4.2.11 OK for: readdirp@2.2.1 want: ^4.1.11
474 silly placeDep node_modules/live-server readable-stream@2.3.8 OK for: readdirp@2.2.1 want: ^2.0.2
475 silly fetch manifest isarray@~1.0.0
476 silly fetch manifest core-util-is@~1.0.0
477 silly fetch manifest string_decoder@~1.1.1
478 silly fetch manifest util-deprecate@~1.0.1
479 silly fetch manifest process-nextick-args@~2.0.0
480 http fetch GET 200 https://registry.npmjs.org/process-nextick-args 38ms (cache miss)
481 http fetch GET 200 https://registry.npmjs.org/util-deprecate 40ms (cache miss)
482 http fetch GET 200 https://registry.npmjs.org/core-util-is 43ms (cache miss)
483 http fetch GET 200 https://registry.npmjs.org/string_decoder 43ms (cache miss)
484 http fetch GET 200 https://registry.npmjs.org/isarray 113ms (cache miss)
485 timing idealTree:node_modules/live-server/node_modules/readdirp Completed in 116ms
486 timing idealTree:node_modules/live-server/node_modules/graceful-fs Completed in 0ms
487 silly placeDep node_modules/live-server core-util-is@1.0.3 OK for: readable-stream@2.3.8 want: ~1.0.0
488 silly placeDep node_modules/live-server isarray@1.0.0 OK for: readable-stream@2.3.8 want: ~1.0.0
489 silly placeDep node_modules/live-server process-nextick-args@2.0.1 OK for: readable-stream@2.3.8 want: ~2.0.0
490 silly placeDep node_modules/live-server string_decoder@1.1.1 OK for: readable-stream@2.3.8 want: ~1.1.1
491 silly placeDep node_modules/live-server util-deprecate@1.0.2 OK for: readable-stream@2.3.8 want: ~1.0.1
492 timing idealTree:node_modules/live-server/node_modules/readable-stream Completed in 4ms
493 timing idealTree:node_modules/live-server/node_modules/core-util-is Completed in 0ms
494 timing idealTree:node_modules/live-server/node_modules/isarray Completed in 0ms
495 timing idealTree:node_modules/live-server/node_modules/process-nextick-args Completed in 0ms
496 silly placeDep node_modules/live-server/node_modules/regex-not extend-shallow@3.0.2 OK for: regex-not@1.0.2 want: ^3.0.2
497 silly placeDep node_modules/live-server safe-regex@1.1.0 OK for: regex-not@1.0.2 want: ^1.1.0
498 silly fetch manifest ret@~0.1.10
499 http fetch GET 200 https://registry.npmjs.org/ret 38ms (cache miss)
500 timing idealTree:node_modules/live-server/node_modules/regex-not Completed in 41ms
501 timing idealTree:node_modules/live-server/node_modules/repeat-element Completed in 0ms
502 timing idealTree:node_modules/live-server/node_modules/repeat-string Completed in 0ms
503 timing idealTree:node_modules/live-server/node_modules/safe-buffer Completed in 0ms
504 silly placeDep node_modules/live-server ret@0.1.15 OK for: safe-regex@1.1.0 want: ~0.1.10
505 timing idealTree:node_modules/live-server/node_modules/safe-regex Completed in 1ms
506 timing idealTree:node_modules/live-server/node_modules/ret Completed in 0ms
507 silly placeDep node_modules/live-server/node_modules/send debug@4.4.0 OK for: send@1.1.0 want: ^4.3.5
508 silly placeDep node_modules/live-server destroy@1.2.0 OK for: send@1.1.0 want: ^1.2.0
509 silly placeDep node_modules/live-server/node_modules/send encodeurl@2.0.0 OK for: send@1.1.0 want: ^2.0.0
510 silly placeDep node_modules/live-server etag@1.8.1 OK for: send@1.1.0 want: ^1.8.1
511 silly placeDep node_modules/live-server fresh@0.5.2 OK for: send@1.1.0 want: ^0.5.2
512 silly placeDep node_modules/live-server http-errors@2.0.0 OK for: send@1.1.0 want: ^2.0.0
513 silly placeDep node_modules/live-server mime-types@2.1.35 OK for: send@1.1.0 want: ^2.1.35
514 silly placeDep node_modules/live-server/node_modules/send ms@2.1.3 OK for: send@1.1.0 want: ^2.1.3
515 silly placeDep node_modules/live-server/node_modules/send on-finished@2.4.1 OK for: send@1.1.0 want: ^2.4.1
516 silly placeDep node_modules/live-server range-parser@1.2.1 OK for: send@1.1.0 want: ^1.2.1
517 silly placeDep node_modules/live-server/node_modules/send statuses@2.0.1 OK for: send@1.1.0 want: ^2.0.1
518 silly fetch manifest setprototypeof@1.2.0
519 silly fetch manifest statuses@2.0.1
520 silly fetch manifest toidentifier@1.0.1
521 silly fetch manifest mime-db@1.52.0
522 http fetch GET 200 https://registry.npmjs.org/toidentifier 39ms (cache miss)
523 http fetch GET 200 https://registry.npmjs.org/setprototypeof 42ms (cache miss)
524 http fetch GET 200 https://registry.npmjs.org/mime-db 73ms (cache miss)
525 timing idealTree:node_modules/live-server/node_modules/send Completed in 87ms
526 timing idealTree:node_modules/live-server/node_modules/destroy Completed in 0ms
527 timing idealTree:node_modules/live-server/node_modules/etag Completed in 0ms
528 timing idealTree:node_modules/live-server/node_modules/fresh Completed in 0ms
529 silly placeDep node_modules/live-server setprototypeof@1.2.0 OK for: http-errors@2.0.0 want: 1.2.0
530 silly placeDep node_modules/live-server/node_modules/http-errors statuses@2.0.1 OK for: http-errors@2.0.0 want: 2.0.1
531 silly placeDep node_modules/live-server toidentifier@1.0.1 OK for: http-errors@2.0.0 want: 1.0.1
532 timing idealTree:node_modules/live-server/node_modules/http-errors Completed in 2ms
533 silly placeDep node_modules/live-server mime-db@1.52.0 OK for: mime-types@2.1.35 want: 1.52.0
534 timing idealTree:node_modules/live-server/node_modules/mime-types Completed in 1ms
535 timing idealTree:node_modules/live-server/node_modules/mime-db Completed in 0ms
536 timing idealTree:node_modules/live-server/node_modules/range-parser Completed in 0ms
537 silly placeDep node_modules/live-server accepts@1.3.8 OK for: serve-index@1.9.1 want: ~1.3.4
538 silly placeDep node_modules/live-server batch@0.6.1 OK for: serve-index@1.9.1 want: 0.6.1
539 silly placeDep node_modules/live-server/node_modules/serve-index http-errors@1.6.3 OK for: serve-index@1.9.1 want: ~1.6.2
540 silly fetch manifest negotiator@0.6.3
541 silly fetch manifest depd@~1.1.2
542 silly fetch manifest inherits@2.0.3
543 silly fetch manifest setprototypeof@1.1.0
544 http fetch GET 200 https://registry.npmjs.org/negotiator 35ms (cache miss)
545 timing idealTree:node_modules/live-server/node_modules/serve-index Completed in 39ms
546 silly placeDep node_modules/live-server negotiator@0.6.3 OK for: accepts@1.3.8 want: 0.6.3
547 timing idealTree:node_modules/live-server/node_modules/accepts Completed in 1ms
548 timing idealTree:node_modules/live-server/node_modules/batch Completed in 0ms
549 timing idealTree:node_modules/live-server/node_modules/negotiator Completed in 0ms
550 timing idealTree:node_modules/live-server/node_modules/setprototypeof Completed in 0ms
551 silly placeDep node_modules/live-server base@0.11.2 OK for: snapdragon@0.8.2 want: ^0.11.1
552 silly placeDep node_modules/live-server/node_modules/snapdragon define-property@0.2.5 OK for: snapdragon@0.8.2 want: ^0.2.5
553 silly placeDep node_modules/live-server source-map@0.5.7 OK for: snapdragon@0.8.2 want: ^0.5.6
554 silly placeDep node_modules/live-server source-map-resolve@0.5.3 OK for: snapdragon@0.8.2 want: ^0.5.0
555 silly placeDep node_modules/live-server use@3.1.1 OK for: snapdragon@0.8.2 want: ^3.1.0
556 silly fetch manifest cache-base@^1.0.1
557 silly fetch manifest class-utils@^0.3.5
558 silly fetch manifest component-emitter@^1.2.1
559 silly fetch manifest mixin-deep@^1.2.0
560 silly fetch manifest pascalcase@^0.1.1
561 silly fetch manifest atob@^2.1.2
562 silly fetch manifest decode-uri-component@^0.2.0
563 silly fetch manifest resolve-url@^0.2.1
564 silly fetch manifest source-map-url@^0.4.0
565 silly fetch manifest urix@^0.1.0
566 http fetch GET 200 https://registry.npmjs.org/component-emitter 54ms (cache miss)
567 http fetch GET 200 https://registry.npmjs.org/cache-base 55ms (cache miss)
568 http fetch GET 200 https://registry.npmjs.org/pascalcase 54ms (cache miss)
569 http fetch GET 200 https://registry.npmjs.org/source-map-url 53ms (cache miss)
570 http fetch GET 200 https://registry.npmjs.org/urix 53ms (cache miss)
571 http fetch GET 200 https://registry.npmjs.org/atob 55ms (cache miss)
572 http fetch GET 200 https://registry.npmjs.org/class-utils 57ms (cache miss)
573 http fetch GET 200 https://registry.npmjs.org/resolve-url 55ms (cache miss)
574 http fetch GET 200 https://registry.npmjs.org/mixin-deep 60ms (cache miss)
575 http fetch GET 200 https://registry.npmjs.org/decode-uri-component 77ms (cache miss)
576 timing idealTree:node_modules/live-server/node_modules/snapdragon Completed in 83ms
577 silly placeDep node_modules/live-server cache-base@1.0.1 OK for: base@0.11.2 want: ^1.0.1
578 silly placeDep node_modules/live-server class-utils@0.3.6 OK for: base@0.11.2 want: ^0.3.5
579 silly placeDep node_modules/live-server component-emitter@1.3.1 OK for: base@0.11.2 want: ^1.2.1
580 silly placeDep node_modules/live-server/node_modules/base define-property@1.0.0 OK for: base@0.11.2 want: ^1.0.0
581 silly placeDep node_modules/live-server mixin-deep@1.3.2 OK for: base@0.11.2 want: ^1.2.0
582 silly placeDep node_modules/live-server pascalcase@0.1.1 OK for: base@0.11.2 want: ^0.1.1
583 silly fetch manifest collection-visit@^1.0.0
584 silly fetch manifest get-value@^2.0.6
585 silly fetch manifest has-value@^1.0.0
586 silly fetch manifest set-value@^2.0.0
587 silly fetch manifest to-object-path@^0.3.0
588 silly fetch manifest union-value@^1.0.0
589 silly fetch manifest unset-value@^1.0.0
590 silly fetch manifest arr-union@^3.1.0
591 silly fetch manifest static-extend@^0.1.1
592 silly fetch manifest for-in@^1.0.2
593 http fetch GET 200 https://registry.npmjs.org/collection-visit 41ms (cache miss)
594 http fetch GET 200 https://registry.npmjs.org/for-in 41ms (cache miss)
595 http fetch GET 200 https://registry.npmjs.org/unset-value 45ms (cache miss)
596 http fetch GET 200 https://registry.npmjs.org/get-value 49ms (cache miss)
597 http fetch GET 200 https://registry.npmjs.org/static-extend 48ms (cache miss)
598 http fetch GET 200 https://registry.npmjs.org/arr-union 50ms (cache miss)
599 http fetch GET 200 https://registry.npmjs.org/has-value 52ms (cache miss)
600 http fetch GET 200 https://registry.npmjs.org/union-value 52ms (cache miss)
601 http fetch GET 200 https://registry.npmjs.org/set-value 54ms (cache miss)
602 http fetch GET 200 https://registry.npmjs.org/to-object-path 53ms (cache miss)
603 timing idealTree:node_modules/live-server/node_modules/base Completed in 60ms
604 silly placeDep node_modules/live-server collection-visit@1.0.0 OK for: cache-base@1.0.1 want: ^1.0.0
605 silly placeDep node_modules/live-server get-value@2.0.6 OK for: cache-base@1.0.1 want: ^2.0.6
606 silly placeDep node_modules/live-server has-value@1.0.0 OK for: cache-base@1.0.1 want: ^1.0.0
607 silly placeDep node_modules/live-server set-value@2.0.1 OK for: cache-base@1.0.1 want: ^2.0.0
608 silly placeDep node_modules/live-server to-object-path@0.3.0 OK for: cache-base@1.0.1 want: ^0.3.0
609 silly placeDep node_modules/live-server union-value@1.0.1 OK for: cache-base@1.0.1 want: ^1.0.0
610 silly placeDep node_modules/live-server unset-value@1.0.0 OK for: cache-base@1.0.1 want: ^1.0.0
611 silly fetch manifest map-visit@^1.0.0
612 silly fetch manifest object-visit@^1.0.0
613 silly fetch manifest has-values@^1.0.0
614 silly fetch manifest is-plain-object@^2.0.3
615 silly fetch manifest has-value@^0.3.1
616 http fetch GET 200 https://registry.npmjs.org/has-values 37ms (cache miss)
617 http fetch GET 200 https://registry.npmjs.org/map-visit 38ms (cache miss)
618 http fetch GET 200 https://registry.npmjs.org/is-plain-object 38ms (cache miss)
619 http fetch GET 200 https://registry.npmjs.org/object-visit 39ms (cache miss)
620 timing idealTree:node_modules/live-server/node_modules/cache-base Completed in 44ms
621 silly placeDep node_modules/live-server arr-union@3.1.0 OK for: class-utils@0.3.6 want: ^3.1.0
622 silly placeDep node_modules/live-server/node_modules/class-utils define-property@0.2.5 OK for: class-utils@0.3.6 want: ^0.2.5
623 silly placeDep node_modules/live-server static-extend@0.1.2 OK for: class-utils@0.3.6 want: ^0.1.1
624 silly fetch manifest object-copy@^0.1.0
625 http fetch GET 200 https://registry.npmjs.org/object-copy 37ms (cache miss)
626 timing idealTree:node_modules/live-server/node_modules/class-utils Completed in 39ms
627 timing idealTree:node_modules/live-server/node_modules/arr-union Completed in 0ms
628 silly placeDep node_modules/live-server map-visit@1.0.0 OK for: collection-visit@1.0.0 want: ^1.0.0
629 silly placeDep node_modules/live-server object-visit@1.0.1 OK for: collection-visit@1.0.0 want: ^1.0.0
630 timing idealTree:node_modules/live-server/node_modules/collection-visit Completed in 2ms
631 timing idealTree:node_modules/live-server/node_modules/component-emitter Completed in 0ms
632 timing idealTree:node_modules/live-server/node_modules/get-value Completed in 0ms
633 silly placeDep node_modules/live-server has-values@1.0.0 OK for: has-value@1.0.0 want: ^1.0.0
634 silly fetch manifest kind-of@^4.0.0
635 timing idealTree:node_modules/live-server/node_modules/has-value Completed in 1ms
636 silly placeDep node_modules/live-server/node_modules/has-values kind-of@4.0.0 OK for: has-values@1.0.0 want: ^4.0.0
637 timing idealTree:node_modules/live-server/node_modules/has-values Completed in 1ms
638 timing idealTree:node_modules/live-server/node_modules/map-visit Completed in 0ms
639 silly placeDep node_modules/live-server for-in@1.0.2 OK for: mixin-deep@1.3.2 want: ^1.0.2
640 silly placeDep node_modules/live-server/node_modules/mixin-deep is-extendable@1.0.1 OK for: mixin-deep@1.3.2 want: ^1.0.1
641 silly fetch manifest is-plain-object@^2.0.4
642 timing idealTree:node_modules/live-server/node_modules/mixin-deep Completed in 2ms
643 timing idealTree:node_modules/live-server/node_modules/for-in Completed in 0ms
644 timing idealTree:node_modules/live-server/node_modules/object-visit Completed in 0ms
645 timing idealTree:node_modules/live-server/node_modules/pascalcase Completed in 0ms
646 silly placeDep node_modules/live-server is-plain-object@2.0.4 OK for: set-value@2.0.1 want: ^2.0.3
647 timing idealTree:node_modules/live-server/node_modules/set-value Completed in 1ms
648 timing idealTree:node_modules/live-server/node_modules/is-plain-object Completed in 0ms
649 silly placeDep node_modules/live-server/node_modules/snapdragon-node define-property@1.0.0 OK for: snapdragon-node@2.1.1 want: ^1.0.0
650 silly placeDep node_modules/live-server snapdragon-util@3.0.1 OK for: snapdragon-node@2.1.1 want: ^3.0.1
651 timing idealTree:node_modules/live-server/node_modules/snapdragon-node Completed in 1ms
652 timing idealTree:node_modules/live-server/node_modules/snapdragon-util Completed in 0ms
653 timing idealTree:node_modules/live-server/node_modules/source-map Completed in 0ms
654 silly placeDep node_modules/live-server atob@2.1.2 OK for: source-map-resolve@0.5.3 want: ^2.1.2
655 silly placeDep node_modules/live-server decode-uri-component@0.2.2 OK for: source-map-resolve@0.5.3 want: ^0.2.0
656 silly placeDep node_modules/live-server resolve-url@0.2.1 OK for: source-map-resolve@0.5.3 want: ^0.2.1
657 silly placeDep node_modules/live-server source-map-url@0.4.1 OK for: source-map-resolve@0.5.3 want: ^0.4.0
658 silly placeDep node_modules/live-server urix@0.1.0 OK for: source-map-resolve@0.5.3 want: ^0.1.0
659 timing idealTree:node_modules/live-server/node_modules/source-map-resolve Completed in 3ms
660 timing idealTree:node_modules/live-server/node_modules/atob Completed in 0ms
661 timing idealTree:node_modules/live-server/node_modules/decode-uri-component Completed in 0ms
662 timing idealTree:node_modules/live-server/node_modules/resolve-url Completed in 0ms
663 timing idealTree:node_modules/live-server/node_modules/source-map-url Completed in 0ms
664 timing idealTree:node_modules/live-server/node_modules/split Completed in 0ms
665 silly placeDep node_modules/live-server/node_modules/split-string extend-shallow@3.0.2 OK for: split-string@3.1.0 want: ^3.0.0
666 timing idealTree:node_modules/live-server/node_modules/split-string Completed in 1ms
667 silly placeDep node_modules/live-server/node_modules/static-extend define-property@0.2.5 OK for: static-extend@0.1.2 want: ^0.2.5
668 silly placeDep node_modules/live-server object-copy@0.1.0 OK for: static-extend@0.1.2 want: ^0.1.0
669 silly fetch manifest copy-descriptor@^0.1.0
670 http fetch GET 200 https://registry.npmjs.org/copy-descriptor 35ms (cache miss)
671 timing idealTree:node_modules/live-server/node_modules/static-extend Completed in 37ms
672 silly placeDep node_modules/live-server copy-descriptor@0.1.1 OK for: object-copy@0.1.0 want: ^0.1.0
673 silly placeDep node_modules/live-server/node_modules/object-copy define-property@0.2.5 OK for: object-copy@0.1.0 want: ^0.2.5
674 timing idealTree:node_modules/live-server/node_modules/object-copy Completed in 2ms
675 timing idealTree:node_modules/live-server/node_modules/copy-descriptor Completed in 0ms
676 timing idealTree:node_modules/live-server/node_modules/statuses Completed in 0ms
677 timing idealTree:node_modules/live-server/node_modules/stream-combiner Completed in 0ms
678 timing idealTree:node_modules/live-server/node_modules/string_decoder Completed in 0ms
679 timing idealTree:node_modules/live-server/node_modules/through Completed in 0ms
680 timing idealTree:node_modules/live-server/node_modules/to-object-path Completed in 0ms
681 silly placeDep node_modules/live-server/node_modules/to-regex extend-shallow@3.0.2 OK for: to-regex@3.0.2 want: ^3.0.2
682 timing idealTree:node_modules/live-server/node_modules/to-regex Completed in 0ms
683 timing idealTree:node_modules/live-server/node_modules/to-regex-range Completed in 0ms
684 timing idealTree:node_modules/live-server/node_modules/toidentifier Completed in 0ms
685 timing idealTree:node_modules/live-server/node_modules/union-value Completed in 0ms
686 timing idealTree:node_modules/live-server/node_modules/unix-crypt-td-js Completed in 0ms
687 timing idealTree:node_modules/live-server/node_modules/unpipe Completed in 0ms
688 silly placeDep node_modules/live-server/node_modules/unset-value has-value@0.3.1 OK for: unset-value@1.0.0 want: ^0.3.1
689 silly fetch manifest has-values@^0.1.4
690 silly fetch manifest isobject@^2.0.0
691 timing idealTree:node_modules/live-server/node_modules/unset-value Completed in 2ms
692 timing idealTree:node_modules/live-server/node_modules/upath Completed in 0ms
693 timing idealTree:node_modules/live-server/node_modules/urix Completed in 0ms
694 timing idealTree:node_modules/live-server/node_modules/use Completed in 0ms
695 timing idealTree:node_modules/live-server/node_modules/util-deprecate Completed in 0ms
696 timing idealTree:node_modules/live-server/node_modules/utils-merge Completed in 0ms
697 timing idealTree:node_modules/live-server/node_modules/uuid Completed in 0ms
698 timing idealTree:node_modules/live-server/node_modules/vary Completed in 0ms
699 silly placeDep node_modules/live-server http-parser-js@0.5.9 OK for: websocket-driver@0.7.4 want: >=0.5.1
700 silly placeDep node_modules/live-server websocket-extensions@0.1.4 OK for: websocket-driver@0.7.4 want: >=0.1.1
701 timing idealTree:node_modules/live-server/node_modules/websocket-driver Completed in 2ms
702 timing idealTree:node_modules/live-server/node_modules/http-parser-js Completed in 0ms
703 timing idealTree:node_modules/live-server/node_modules/websocket-extensions Completed in 0ms
704 silly placeDep node_modules/live-server remove-trailing-separator@1.1.0 OK for: normalize-path@2.1.1 want: ^1.0.1
705 timing idealTree:node_modules/live-server/node_modules/anymatch/node_modules/normalize-path Completed in 1ms
706 timing idealTree:node_modules/live-server/node_modules/remove-trailing-separator Completed in 0ms
707 timing idealTree:node_modules/live-server/node_modules/base/node_modules/define-property Completed in 0ms
708 silly placeDep node_modules/live-server/node_modules/class-utils is-descriptor@0.1.7 OK for: define-property@0.2.5 want: ^0.1.0
709 timing idealTree:node_modules/live-server/node_modules/class-utils/node_modules/define-property Completed in 1ms
710 timing idealTree:node_modules/live-server/node_modules/class-utils/node_modules/is-descriptor Completed in 0ms
711 silly placeDep node_modules/live-server/node_modules/expand-brackets is-descriptor@0.1.7 OK for: define-property@0.2.5 want: ^0.1.0
712 timing idealTree:node_modules/live-server/node_modules/expand-brackets/node_modules/define-property Completed in 2ms
713 timing idealTree:node_modules/live-server/node_modules/expand-brackets/node_modules/is-descriptor Completed in 0ms
714 timing idealTree:node_modules/live-server/node_modules/extglob/node_modules/define-property Completed in 0ms
715 timing idealTree:node_modules/live-server/node_modules/glob-parent/node_modules/is-glob Completed in 0ms
716 timing idealTree:node_modules/live-server/node_modules/has-values/node_modules/kind-of Completed in 0ms
717 timing idealTree:node_modules/live-server/node_modules/http-errors/node_modules/statuses Completed in 0ms
718 silly placeDep node_modules/live-server assign-symbols@1.0.0 OK for: extend-shallow@3.0.2 want: ^1.0.0
719 silly placeDep node_modules/live-server/node_modules/micromatch is-extendable@1.0.1 OK for: extend-shallow@3.0.2 want: ^1.0.1
720 timing idealTree:node_modules/live-server/node_modules/micromatch/node_modules/extend-shallow Completed in 2ms
721 timing idealTree:node_modules/live-server/node_modules/assign-symbols Completed in 0ms
722 timing idealTree:node_modules/live-server/node_modules/micromatch/node_modules/is-extendable Completed in 0ms
723 timing idealTree:node_modules/live-server/node_modules/micromatch/node_modules/kind-of Completed in 0ms
724 timing idealTree:node_modules/live-server/node_modules/mixin-deep/node_modules/is-extendable Completed in 0ms
725 silly placeDep node_modules/live-server/node_modules/nanomatch is-extendable@1.0.1 OK for: extend-shallow@3.0.2 want: ^1.0.1
726 timing idealTree:node_modules/live-server/node_modules/nanomatch/node_modules/extend-shallow Completed in 2ms
727 timing idealTree:node_modules/live-server/node_modules/nanomatch/node_modules/is-extendable Completed in 0ms
728 timing idealTree:node_modules/live-server/node_modules/nanomatch/node_modules/kind-of Completed in 0ms
729 silly placeDep node_modules/live-server/node_modules/object-copy is-descriptor@0.1.7 OK for: define-property@0.2.5 want: ^0.1.0
730 timing idealTree:node_modules/live-server/node_modules/object-copy/node_modules/define-property Completed in 1ms
731 timing idealTree:node_modules/live-server/node_modules/object-copy/node_modules/is-descriptor Completed in 0ms
732 silly placeDep node_modules/live-server/node_modules/regex-not is-extendable@1.0.1 OK for: extend-shallow@3.0.2 want: ^1.0.1
733 timing idealTree:node_modules/live-server/node_modules/regex-not/node_modules/extend-shallow Completed in 1ms
734 timing idealTree:node_modules/live-server/node_modules/regex-not/node_modules/is-extendable Completed in 0ms
735 timing idealTree:node_modules/live-server/node_modules/send/node_modules/debug Completed in 0ms
736 timing idealTree:node_modules/live-server/node_modules/send/node_modules/encodeurl Completed in 0ms
737 timing idealTree:node_modules/live-server/node_modules/send/node_modules/ms Completed in 0ms
738 timing idealTree:node_modules/live-server/node_modules/send/node_modules/on-finished Completed in 0ms
739 timing idealTree:node_modules/live-server/node_modules/send/node_modules/statuses Completed in 0ms
740 silly placeDep node_modules/live-server/node_modules/serve-index depd@1.1.2 OK for: http-errors@1.6.3 want: ~1.1.2
741 silly placeDep node_modules/live-server/node_modules/serve-index inherits@2.0.3 OK for: http-errors@1.6.3 want: 2.0.3
742 silly placeDep node_modules/live-server/node_modules/serve-index setprototypeof@1.1.0 OK for: http-errors@1.6.3 want: 1.1.0
743 timing idealTree:node_modules/live-server/node_modules/serve-index/node_modules/http-errors Completed in 2ms
744 timing idealTree:node_modules/live-server/node_modules/serve-index/node_modules/depd Completed in 0ms
745 timing idealTree:node_modules/live-server/node_modules/serve-index/node_modules/inherits Completed in 0ms
746 timing idealTree:node_modules/live-server/node_modules/serve-index/node_modules/setprototypeof Completed in 0ms
747 timing idealTree:node_modules/live-server/node_modules/snapdragon-node/node_modules/define-property Completed in 0ms
748 silly placeDep node_modules/live-server/node_modules/snapdragon is-descriptor@0.1.7 OK for: define-property@0.2.5 want: ^0.1.0
749 timing idealTree:node_modules/live-server/node_modules/snapdragon/node_modules/define-property Completed in 1ms
750 timing idealTree:node_modules/live-server/node_modules/snapdragon/node_modules/is-descriptor Completed in 0ms
751 silly placeDep node_modules/live-server/node_modules/split-string is-extendable@1.0.1 OK for: extend-shallow@3.0.2 want: ^1.0.1
752 timing idealTree:node_modules/live-server/node_modules/split-string/node_modules/extend-shallow Completed in 1ms
753 timing idealTree:node_modules/live-server/node_modules/split-string/node_modules/is-extendable Completed in 0ms
754 silly placeDep node_modules/live-server/node_modules/static-extend is-descriptor@0.1.7 OK for: define-property@0.2.5 want: ^0.1.0
755 timing idealTree:node_modules/live-server/node_modules/static-extend/node_modules/define-property Completed in 3ms
756 timing idealTree:node_modules/live-server/node_modules/static-extend/node_modules/is-descriptor Completed in 0ms
757 silly placeDep node_modules/live-server/node_modules/to-regex is-extendable@1.0.1 OK for: extend-shallow@3.0.2 want: ^1.0.1
758 timing idealTree:node_modules/live-server/node_modules/to-regex/node_modules/extend-shallow Completed in 1ms
759 timing idealTree:node_modules/live-server/node_modules/to-regex/node_modules/is-extendable Completed in 0ms
760 silly placeDep node_modules/live-server/node_modules/unset-value has-values@0.1.4 OK for: has-value@0.3.1 want: ^0.1.4
761 silly placeDep node_modules/live-server/node_modules/unset-value/node_modules/has-value isobject@2.1.0 OK for: has-value@0.3.1 want: ^2.0.0
762 timing idealTree:node_modules/live-server/node_modules/unset-value/node_modules/has-value Completed in 1ms
763 timing idealTree:node_modules/live-server/node_modules/unset-value/node_modules/has-values Completed in 0ms
764 timing idealTree:node_modules/live-server/node_modules/unset-value/node_modules/has-value/node_modules/isobject Completed in 0ms
765 timing idealTree:buildDeps Completed in 2618ms
766 timing idealTree:fixDepFlags Completed in 3ms
767 timing idealTree Completed in 2631ms
768 timing reify:loadTrees Completed in 2634ms
769 timing reify:diffTrees Completed in 5ms
770 silly reify moves {}
771 timing reify:retireShallow Completed in 2ms
772 timing reify:rollback:createSparse Completed in 0ms
773 timing reify:rollback:retireShallow Completed in 0ms
774 timing command:install Completed in 2661ms
775 verbose stack Error: EACCES: permission denied, mkdir '/usr/local/lib/node_modules'
776 verbose cwd /home/jamie/NEXT/NEXT-Session-1
777 verbose Linux 5.15.167.4-microsoft-standard-WSL2
778 verbose node v18.19.1
779 verbose npm  v9.2.0
780 error code EACCES
781 error syscall mkdir
782 error path /usr/local/lib/node_modules
783 error errno -13
784 error [Error: EACCES: permission denied, mkdir '/usr/local/lib/node_modules'] {
784 error   errno: -13,
784 error   code: 'EACCES',
784 error   syscall: 'mkdir',
784 error   path: '/usr/local/lib/node_modules'
784 error }
785 error
785 error The operation was rejected by your operating system.
785 error It is likely you do not have the permissions to access this file as the current user
785 error
785 error If you believe this might be a permissions issue, please double-check the
785 error permissions of the file and its containing directories, or try running
785 error the command again as root/Administrator.
786 verbose exit -13
787 timing npm Completed in 2721ms
788 verbose unfinished npm timer reify 1741150296113
789 verbose unfinished npm timer reify:createSparse 1741150298760
790 verbose code -13
791 error A complete log of this run can be found in:
791 error     /home/jamie/.npm/_logs/2025-03-05T04_51_36_054Z-debug-0.log
