2025-03-10 13:30:14.985 [info] [main] 로그 수준: Info
2025-03-10 13:30:14.985 [info] [main] "git"에서 찾은 git 유효성을 검사하는 중
2025-03-10 13:30:14.985 [info] [main] "2.43.0"에서 git "git"을(를) 사용하는 중
2025-03-10 13:30:14.985 [info] [Model][doInitialScan] Initial repository scan started
2025-03-10 13:30:14.985 [info] > git rev-parse --show-toplevel [3ms]
2025-03-10 13:30:14.985 [info] fatal: not a git repository (or any of the parent directories): .git
2025-03-10 13:30:14.985 [info] [Model][doInitialScan] Initial repository scan completed - repositories (0), closed repositories (0), parent repositories (0), unsafe repositories (0)
2025-03-10 13:30:15.136 [info] > git rev-parse --show-toplevel [1ms]
2025-03-10 13:30:15.137 [info] fatal: not a git repository (or any of the parent directories): .git
2025-03-10 13:30:16.113 [info] > git rev-parse --show-toplevel [1ms]
2025-03-10 13:30:16.113 [info] fatal: not a git repository (or any of the parent directories): .git
2025-03-10 13:30:57.356 [info] > git rev-parse --show-toplevel [1ms]
2025-03-10 13:30:57.357 [info] fatal: not a git repository (or any of the parent directories): .git
2025-03-10 13:31:21.576 [info] > git rev-parse --show-toplevel [1ms]
2025-03-10 13:31:21.576 [info] fatal: not a git repository (or any of the parent directories): .git
2025-03-10 13:31:24.163 [info] > git rev-parse --show-toplevel [1ms]
2025-03-10 13:31:24.163 [info] fatal: not a git repository (or any of the parent directories): .git
2025-03-10 13:31:32.465 [info] > git rev-parse --show-toplevel [1ms]
2025-03-10 13:31:32.465 [info] fatal: not a git repository (or any of the parent directories): .git
2025-03-10 13:31:33.404 [info] > git rev-parse --show-toplevel [2ms]
2025-03-10 13:31:33.404 [info] fatal: not a git repository (or any of the parent directories): .git
2025-03-10 13:31:35.605 [info] > git rev-parse --show-toplevel [1ms]
2025-03-10 13:31:35.606 [info] fatal: not a git repository (or any of the parent directories): .git
2025-03-10 13:31:38.846 [info] > git rev-parse --show-toplevel [2ms]
2025-03-10 13:31:38.846 [info] fatal: not a git repository (or any of the parent directories): .git
2025-03-10 13:31:40.159 [info] > git rev-parse --show-toplevel [1ms]
2025-03-10 13:31:40.159 [info] fatal: not a git repository (or any of the parent directories): .git
2025-03-10 13:32:57.406 [info] > git rev-parse --show-toplevel [4ms]
2025-03-10 13:32:57.406 [info] fatal: not a git repository (or any of the parent directories): .git
2025-03-10 13:33:30.884 [info] > git rev-parse --show-toplevel [1ms]
2025-03-10 13:33:30.884 [info] fatal: not a git repository (or any of the parent directories): .git
2025-03-10 13:33:32.223 [info] > git rev-parse --show-toplevel [1ms]
2025-03-10 13:33:32.223 [info] fatal: not a git repository (or any of the parent directories): .git
2025-03-10 13:37:02.831 [info] > git rev-parse --show-toplevel [1ms]
2025-03-10 13:37:02.831 [info] fatal: not a git repository (or any of the parent directories): .git
2025-03-10 13:40:20.874 [info] > git rev-parse --show-toplevel [8ms]
2025-03-10 13:40:20.874 [info] fatal: not a git repository (or any of the parent directories): .git
2025-03-10 13:40:27.133 [info] > git rev-parse --show-toplevel [2ms]
2025-03-10 13:40:27.133 [info] fatal: not a git repository (or any of the parent directories): .git
