2025-03-10 13:46:02.702 [info] Extension host with pid 1923 started
2025-03-10 13:46:02.718 [info] Lock '/home/jamie/.vscode-server/data/User/workspaceStorage/077793bc43a54acbc67f9ee1a61da450/vscode.lock': Lock acquired.
2025-03-10 13:46:02.742 [info] ExtensionService#_doActivateExtension vscode.git-base, startup: true, activationEvent: '*', root cause: vscode.git
2025-03-10 13:46:02.945 [info] ExtensionService#_doActivateExtension vscode.git, startup: true, activationEvent: '*'
2025-03-10 13:46:02.946 [info] ExtensionService#_doActivateExtension vscode.github, startup: true, activationEvent: '*'
2025-03-10 13:46:03.290 [info] Eager extensions activated
2025-03-10 13:46:03.290 [info] ExtensionService#_doActivateExtension vscode.debug-auto-launch, startup: false, activationEvent: 'onStartupFinished'
2025-03-10 13:46:03.290 [info] ExtensionService#_doActivateExtension vscode.merge-conflict, startup: false, activationEvent: 'onStartupFinished'
2025-03-10 13:46:03.291 [info] ExtensionService#_doActivateExtension ritwickdey.LiveServer, startup: false, activationEvent: 'onStartupFinished'
2025-03-10 13:46:05.207 [info] Extension host terminating: received terminate message from renderer
2025-03-10 13:46:05.207 [info] Lock '/home/jamie/.vscode-server/data/User/workspaceStorage/077793bc43a54acbc67f9ee1a61da450/vscode.lock': Marking the lockfile as scheduled to be released in 6000 ms.
2025-03-10 13:46:05.274 [error] ProxyResolver#addCertificatesV1 Canceled: Canceled
	at new dR (file:///home/jamie/.vscode-server/bin/6609ac3d66f4eade5cf376d1cb76f13985724bcb/out/vs/workbench/api/node/extensionHostProcess.js:29:155028)
	at qy.U (file:///home/jamie/.vscode-server/bin/6609ac3d66f4eade5cf376d1cb76f13985724bcb/out/vs/workbench/api/node/extensionHostProcess.js:29:159639)
	at s.<computed>.n.charCodeAt.s.<computed> (file:///home/jamie/.vscode-server/bin/6609ac3d66f4eade5cf376d1cb76f13985724bcb/out/vs/workbench/api/node/extensionHostProcess.js:29:157133)
	at cw.loadCertificates (file:///home/jamie/.vscode-server/bin/6609ac3d66f4eade5cf376d1cb76f13985724bcb/out/vs/workbench/api/node/extensionHostProcess.js:109:55027)
	at Object.loadAdditionalCertificates (file:///home/jamie/.vscode-server/bin/6609ac3d66f4eade5cf376d1cb76f13985724bcb/out/vs/workbench/api/node/extensionHostProcess.js:174:18948)
	at /home/jamie/.vscode-server/bin/6609ac3d66f4eade5cf376d1cb76f13985724bcb/node_modules/@vscode/proxy-agent/out/index.js:723:53
	at Generator.next (<anonymous>)
	at /home/jamie/.vscode-server/bin/6609ac3d66f4eade5cf376d1cb76f13985724bcb/node_modules/@vscode/proxy-agent/out/index.js:35:71
	at new Promise (<anonymous>)
	at __awaiter (/home/jamie/.vscode-server/bin/6609ac3d66f4eade5cf376d1cb76f13985724bcb/node_modules/@vscode/proxy-agent/out/index.js:31:12)
	at /home/jamie/.vscode-server/bin/6609ac3d66f4eade5cf376d1cb76f13985724bcb/node_modules/@vscode/proxy-agent/out/index.js:722:43
	at /home/jamie/.vscode-server/bin/6609ac3d66f4eade5cf376d1cb76f13985724bcb/node_modules/@vscode/proxy-agent/out/index.js:724:16
	at Generator.next (<anonymous>)
	at /home/jamie/.vscode-server/bin/6609ac3d66f4eade5cf376d1cb76f13985724bcb/node_modules/@vscode/proxy-agent/out/index.js:35:71
	at new Promise (<anonymous>)
	at __awaiter (/home/jamie/.vscode-server/bin/6609ac3d66f4eade5cf376d1cb76f13985724bcb/node_modules/@vscode/proxy-agent/out/index.js:31:12)
	at getOrLoadAdditionalCertificates (/home/jamie/.vscode-server/bin/6609ac3d66f4eade5cf376d1cb76f13985724bcb/node_modules/@vscode/proxy-agent/out/index.js:720:12)
	at addCertificatesToOptionsV1 (/home/jamie/.vscode-server/bin/6609ac3d66f4eade5cf376d1cb76f13985724bcb/node_modules/@vscode/proxy-agent/out/index.js:699:9)
	at resolveProxyWithRequest (/home/jamie/.vscode-server/bin/6609ac3d66f4eade5cf376d1cb76f13985724bcb/node_modules/@vscode/proxy-agent/out/index.js:114:9)
	at /home/jamie/.vscode-server/bin/6609ac3d66f4eade5cf376d1cb76f13985724bcb/node_modules/@vscode/proxy-agent/out/index.js:346:77
	at new Promise (<anonymous>)
	at PacProxyAgent.resolveP [as resolver] (/home/jamie/.vscode-server/bin/6609ac3d66f4eade5cf376d1cb76f13985724bcb/node_modules/@vscode/proxy-agent/out/index.js:346:54)
	at PacProxyAgent.<anonymous> (/home/jamie/.vscode-server/bin/6609ac3d66f4eade5cf376d1cb76f13985724bcb/node_modules/@vscode/proxy-agent/out/agent.js:74:37)
	at Generator.next (<anonymous>)
	at /home/jamie/.vscode-server/bin/6609ac3d66f4eade5cf376d1cb76f13985724bcb/node_modules/@vscode/proxy-agent/out/agent.js:8:71
	at new Promise (<anonymous>)
	at __awaiter (/home/jamie/.vscode-server/bin/6609ac3d66f4eade5cf376d1cb76f13985724bcb/node_modules/@vscode/proxy-agent/out/agent.js:4:12)
	at PacProxyAgent.connect (/home/jamie/.vscode-server/bin/6609ac3d66f4eade5cf376d1cb76f13985724bcb/node_modules/@vscode/proxy-agent/out/agent.js:56:16)
	at /home/jamie/.vscode-server/bin/6609ac3d66f4eade5cf376d1cb76f13985724bcb/node_modules/agent-base/dist/index.js:132:30
	at process.processTicksAndRejections (node:internal/process/task_queues:95:5)
2025-03-10 13:46:05.274 [info] Extension host with pid 1923 exiting with code 0
