2025-03-10 13:49:31.799 [info] Extension host with pid 592 started
2025-03-10 13:49:31.828 [info] Lock '/home/jamie/.vscode-server/data/User/workspaceStorage/941b0dd76672524364e91a4b784113c7/vscode.lock': Lock acquired.
2025-03-10 13:49:31.898 [info] ExtensionService#_doActivateExtension vscode.git-base, startup: true, activationEvent: '*', root cause: vscode.git
2025-03-10 13:49:32.040 [info] ExtensionService#_doActivateExtension vscode.git, startup: true, activationEvent: '*'
2025-03-10 13:49:32.040 [info] ExtensionService#_doActivateExtension vscode.github, startup: true, activationEvent: '*'
2025-03-10 13:49:32.521 [info] Eager extensions activated
2025-03-10 13:49:32.522 [info] ExtensionService#_doActivateExtension vscode.debug-auto-launch, startup: false, activationEvent: 'onStartupFinished'
2025-03-10 13:49:32.522 [info] ExtensionService#_doActivateExtension vscode.merge-conflict, startup: false, activationEvent: 'onStartupFinished'
2025-03-10 13:49:32.523 [info] ExtensionService#_doActivateExtension ritwickdey.LiveServer, startup: false, activationEvent: 'onStartupFinished'
2025-03-10 13:49:36.226 [info] ExtensionService#_doActivateExtension vscode.css-language-features, startup: false, activationEvent: 'onLanguage:css'
2025-03-10 13:49:36.226 [info] ExtensionService#_doActivateExtension vscode.emmet, startup: false, activationEvent: 'onLanguage'
2025-03-10 13:49:38.444 [info] ExtensionService#_doActivateExtension vscode.html-language-features, startup: false, activationEvent: 'onLanguage:html'
2025-03-10 14:04:21.744 [info] ExtensionService#_doActivateExtension vscode.tunnel-forwarding, startup: false, activationEvent: 'onTunnel'
2025-03-10 14:24:49.885 [error] [vscode.emmet] provider FAILED
2025-03-10 14:24:49.887 [error] Error: Unable to find matching pair for < at char 381
	at r.error (/home/jamie/.vscode-server/bin/6609ac3d66f4eade5cf376d1cb76f13985724bcb/extensions/emmet/dist/node/emmetNodeMain.js:1:22471)
	at p (/home/jamie/.vscode-server/bin/6609ac3d66f4eade5cf376d1cb76f13985724bcb/extensions/emmet/dist/node/emmetNodeMain.js:1:21701)
	at u (/home/jamie/.vscode-server/bin/6609ac3d66f4eade5cf376d1cb76f13985724bcb/extensions/emmet/dist/node/emmetNodeMain.js:1:14683)
	at p (/home/jamie/.vscode-server/bin/6609ac3d66f4eade5cf376d1cb76f13985724bcb/extensions/emmet/dist/node/emmetNodeMain.js:1:14817)
	at /home/jamie/.vscode-server/bin/6609ac3d66f4eade5cf376d1cb76f13985724bcb/extensions/emmet/dist/node/emmetNodeMain.js:1:15429
	at v (/home/jamie/.vscode-server/bin/6609ac3d66f4eade5cf376d1cb76f13985724bcb/extensions/emmet/dist/node/emmetNodeMain.js:1:15535)
	at E (/home/jamie/.vscode-server/bin/6609ac3d66f4eade5cf376d1cb76f13985724bcb/extensions/emmet/dist/node/emmetNodeMain.js:1:16481)
	at I (/home/jamie/.vscode-server/bin/6609ac3d66f4eade5cf376d1cb76f13985724bcb/extensions/emmet/dist/node/emmetNodeMain.js:1:16891)
	at t.getRootNode (/home/jamie/.vscode-server/bin/6609ac3d66f4eade5cf376d1cb76f13985724bcb/extensions/emmet/dist/node/emmetNodeMain.js:1:211771)
	at t.DefaultCompletionItemProvider.provideCompletionItemsInternal (/home/jamie/.vscode-server/bin/6609ac3d66f4eade5cf376d1cb76f13985724bcb/extensions/emmet/dist/node/emmetNodeMain.js:1:189574)
	at t.DefaultCompletionItemProvider.provideCompletionItems (/home/jamie/.vscode-server/bin/6609ac3d66f4eade5cf376d1cb76f13985724bcb/extensions/emmet/dist/node/emmetNodeMain.js:1:188352)
	at XI.provideCompletionItems (file:///home/jamie/.vscode-server/bin/6609ac3d66f4eade5cf376d1cb76f13985724bcb/out/vs/workbench/api/node/extensionHostProcess.js:135:140304)
	at file:///home/jamie/.vscode-server/bin/6609ac3d66f4eade5cf376d1cb76f13985724bcb/out/vs/workbench/api/node/extensionHostProcess.js:135:163628
	at qt.s (file:///home/jamie/.vscode-server/bin/6609ac3d66f4eade5cf376d1cb76f13985724bcb/out/vs/workbench/api/node/extensionHostProcess.js:135:154915)
	at qt.$provideCompletionItems (file:///home/jamie/.vscode-server/bin/6609ac3d66f4eade5cf376d1cb76f13985724bcb/out/vs/workbench/api/node/extensionHostProcess.js:135:163616)
	at qy.S (file:///home/jamie/.vscode-server/bin/6609ac3d66f4eade5cf376d1cb76f13985724bcb/out/vs/workbench/api/node/extensionHostProcess.js:29:159602)
	at qy.Q (file:///home/jamie/.vscode-server/bin/6609ac3d66f4eade5cf376d1cb76f13985724bcb/out/vs/workbench/api/node/extensionHostProcess.js:29:159382)
	at qy.M (file:///home/jamie/.vscode-server/bin/6609ac3d66f4eade5cf376d1cb76f13985724bcb/out/vs/workbench/api/node/extensionHostProcess.js:29:158433)
	at qy.L (file:///home/jamie/.vscode-server/bin/6609ac3d66f4eade5cf376d1cb76f13985724bcb/out/vs/workbench/api/node/extensionHostProcess.js:29:157576)
	at Th.value (file:///home/jamie/.vscode-server/bin/6609ac3d66f4eade5cf376d1cb76f13985724bcb/out/vs/workbench/api/node/extensionHostProcess.js:29:156373)
	at D.B (file:///home/jamie/.vscode-server/bin/6609ac3d66f4eade5cf376d1cb76f13985724bcb/out/vs/workbench/api/node/extensionHostProcess.js:27:2375)
	at D.fire (file:///home/jamie/.vscode-server/bin/6609ac3d66f4eade5cf376d1cb76f13985724bcb/out/vs/workbench/api/node/extensionHostProcess.js:27:2593)
	at Gn.fire (file:///home/jamie/.vscode-server/bin/6609ac3d66f4eade5cf376d1cb76f13985724bcb/out/vs/workbench/api/node/extensionHostProcess.js:29:9459)
	at Th.value (file:///home/jamie/.vscode-server/bin/6609ac3d66f4eade5cf376d1cb76f13985724bcb/out/vs/workbench/api/node/extensionHostProcess.js:190:13324)
	at D.B (file:///home/jamie/.vscode-server/bin/6609ac3d66f4eade5cf376d1cb76f13985724bcb/out/vs/workbench/api/node/extensionHostProcess.js:27:2375)
	at D.fire (file:///home/jamie/.vscode-server/bin/6609ac3d66f4eade5cf376d1cb76f13985724bcb/out/vs/workbench/api/node/extensionHostProcess.js:27:2593)
	at Gn.fire (file:///home/jamie/.vscode-server/bin/6609ac3d66f4eade5cf376d1cb76f13985724bcb/out/vs/workbench/api/node/extensionHostProcess.js:29:9459)
	at Ym.A (file:///home/jamie/.vscode-server/bin/6609ac3d66f4eade5cf376d1cb76f13985724bcb/out/vs/workbench/api/node/extensionHostProcess.js:29:12575)
	at Th.value (file:///home/jamie/.vscode-server/bin/6609ac3d66f4eade5cf376d1cb76f13985724bcb/out/vs/workbench/api/node/extensionHostProcess.js:29:10995)
	at D.B (file:///home/jamie/.vscode-server/bin/6609ac3d66f4eade5cf376d1cb76f13985724bcb/out/vs/workbench/api/node/extensionHostProcess.js:27:2375)
	at D.fire (file:///home/jamie/.vscode-server/bin/6609ac3d66f4eade5cf376d1cb76f13985724bcb/out/vs/workbench/api/node/extensionHostProcess.js:27:2593)
	at C6.acceptChunk (file:///home/jamie/.vscode-server/bin/6609ac3d66f4eade5cf376d1cb76f13985724bcb/out/vs/workbench/api/node/extensionHostProcess.js:29:7942)
	at Th.value (file:///home/jamie/.vscode-server/bin/6609ac3d66f4eade5cf376d1cb76f13985724bcb/out/vs/workbench/api/node/extensionHostProcess.js:29:7228)
	at D.B (file:///home/jamie/.vscode-server/bin/6609ac3d66f4eade5cf376d1cb76f13985724bcb/out/vs/workbench/api/node/extensionHostProcess.js:27:2375)
	at D.fire (file:///home/jamie/.vscode-server/bin/6609ac3d66f4eade5cf376d1cb76f13985724bcb/out/vs/workbench/api/node/extensionHostProcess.js:27:2593)
	at tT.z (file:///home/jamie/.vscode-server/bin/6609ac3d66f4eade5cf376d1cb76f13985724bcb/out/vs/workbench/api/node/extensionHostProcess.js:29:21747)
	at tT.acceptFrame (file:///home/jamie/.vscode-server/bin/6609ac3d66f4eade5cf376d1cb76f13985724bcb/out/vs/workbench/api/node/extensionHostProcess.js:29:21553)
	at eT.n (file:///home/jamie/.vscode-server/bin/6609ac3d66f4eade5cf376d1cb76f13985724bcb/out/vs/workbench/api/node/extensionHostProcess.js:29:20080)
	at file:///home/jamie/.vscode-server/bin/6609ac3d66f4eade5cf376d1cb76f13985724bcb/out/vs/workbench/api/node/extensionHostProcess.js:29:17312
	at Socket.t (file:///home/jamie/.vscode-server/bin/6609ac3d66f4eade5cf376d1cb76f13985724bcb/out/vs/workbench/api/node/extensionHostProcess.js:29:15252)
	at Socket.emit (node:events:518:28)
	at addChunk (node:internal/streams/readable:561:12)
	at readableAddChunkPushByteMode (node:internal/streams/readable:512:3)
	at Readable.push (node:internal/streams/readable:392:5)
	at TCP.onStreamRead (node:internal/stream_base_commons:191:23)
2025-03-10 14:24:52.664 [error] [vscode.emmet] provider FAILED
2025-03-10 14:24:52.664 [error] Error: Unable to consume quoted string at char 473
	at r.error (/home/jamie/.vscode-server/bin/6609ac3d66f4eade5cf376d1cb76f13985724bcb/extensions/emmet/dist/node/emmetNodeMain.js:1:22471)
	at s (/home/jamie/.vscode-server/bin/6609ac3d66f4eade5cf376d1cb76f13985724bcb/extensions/emmet/dist/node/emmetNodeMain.js:1:21144)
	at p (/home/jamie/.vscode-server/bin/6609ac3d66f4eade5cf376d1cb76f13985724bcb/extensions/emmet/dist/node/emmetNodeMain.js:1:21569)
	at u (/home/jamie/.vscode-server/bin/6609ac3d66f4eade5cf376d1cb76f13985724bcb/extensions/emmet/dist/node/emmetNodeMain.js:1:14683)
	at p (/home/jamie/.vscode-server/bin/6609ac3d66f4eade5cf376d1cb76f13985724bcb/extensions/emmet/dist/node/emmetNodeMain.js:1:14817)
	at /home/jamie/.vscode-server/bin/6609ac3d66f4eade5cf376d1cb76f13985724bcb/extensions/emmet/dist/node/emmetNodeMain.js:1:15429
	at v (/home/jamie/.vscode-server/bin/6609ac3d66f4eade5cf376d1cb76f13985724bcb/extensions/emmet/dist/node/emmetNodeMain.js:1:15535)
	at E (/home/jamie/.vscode-server/bin/6609ac3d66f4eade5cf376d1cb76f13985724bcb/extensions/emmet/dist/node/emmetNodeMain.js:1:16481)
	at I (/home/jamie/.vscode-server/bin/6609ac3d66f4eade5cf376d1cb76f13985724bcb/extensions/emmet/dist/node/emmetNodeMain.js:1:16891)
	at t.getRootNode (/home/jamie/.vscode-server/bin/6609ac3d66f4eade5cf376d1cb76f13985724bcb/extensions/emmet/dist/node/emmetNodeMain.js:1:211771)
	at t.DefaultCompletionItemProvider.provideCompletionItemsInternal (/home/jamie/.vscode-server/bin/6609ac3d66f4eade5cf376d1cb76f13985724bcb/extensions/emmet/dist/node/emmetNodeMain.js:1:189574)
	at t.DefaultCompletionItemProvider.provideCompletionItems (/home/jamie/.vscode-server/bin/6609ac3d66f4eade5cf376d1cb76f13985724bcb/extensions/emmet/dist/node/emmetNodeMain.js:1:188352)
	at XI.provideCompletionItems (file:///home/jamie/.vscode-server/bin/6609ac3d66f4eade5cf376d1cb76f13985724bcb/out/vs/workbench/api/node/extensionHostProcess.js:135:140304)
	at file:///home/jamie/.vscode-server/bin/6609ac3d66f4eade5cf376d1cb76f13985724bcb/out/vs/workbench/api/node/extensionHostProcess.js:135:163628
	at qt.s (file:///home/jamie/.vscode-server/bin/6609ac3d66f4eade5cf376d1cb76f13985724bcb/out/vs/workbench/api/node/extensionHostProcess.js:135:154915)
	at qt.$provideCompletionItems (file:///home/jamie/.vscode-server/bin/6609ac3d66f4eade5cf376d1cb76f13985724bcb/out/vs/workbench/api/node/extensionHostProcess.js:135:163616)
	at qy.S (file:///home/jamie/.vscode-server/bin/6609ac3d66f4eade5cf376d1cb76f13985724bcb/out/vs/workbench/api/node/extensionHostProcess.js:29:159602)
	at qy.Q (file:///home/jamie/.vscode-server/bin/6609ac3d66f4eade5cf376d1cb76f13985724bcb/out/vs/workbench/api/node/extensionHostProcess.js:29:159382)
	at qy.M (file:///home/jamie/.vscode-server/bin/6609ac3d66f4eade5cf376d1cb76f13985724bcb/out/vs/workbench/api/node/extensionHostProcess.js:29:158433)
	at qy.L (file:///home/jamie/.vscode-server/bin/6609ac3d66f4eade5cf376d1cb76f13985724bcb/out/vs/workbench/api/node/extensionHostProcess.js:29:157576)
	at Th.value (file:///home/jamie/.vscode-server/bin/6609ac3d66f4eade5cf376d1cb76f13985724bcb/out/vs/workbench/api/node/extensionHostProcess.js:29:156373)
	at D.B (file:///home/jamie/.vscode-server/bin/6609ac3d66f4eade5cf376d1cb76f13985724bcb/out/vs/workbench/api/node/extensionHostProcess.js:27:2375)
	at D.fire (file:///home/jamie/.vscode-server/bin/6609ac3d66f4eade5cf376d1cb76f13985724bcb/out/vs/workbench/api/node/extensionHostProcess.js:27:2593)
	at Gn.fire (file:///home/jamie/.vscode-server/bin/6609ac3d66f4eade5cf376d1cb76f13985724bcb/out/vs/workbench/api/node/extensionHostProcess.js:29:9459)
	at Th.value (file:///home/jamie/.vscode-server/bin/6609ac3d66f4eade5cf376d1cb76f13985724bcb/out/vs/workbench/api/node/extensionHostProcess.js:190:13324)
	at D.B (file:///home/jamie/.vscode-server/bin/6609ac3d66f4eade5cf376d1cb76f13985724bcb/out/vs/workbench/api/node/extensionHostProcess.js:27:2375)
	at D.fire (file:///home/jamie/.vscode-server/bin/6609ac3d66f4eade5cf376d1cb76f13985724bcb/out/vs/workbench/api/node/extensionHostProcess.js:27:2593)
	at Gn.fire (file:///home/jamie/.vscode-server/bin/6609ac3d66f4eade5cf376d1cb76f13985724bcb/out/vs/workbench/api/node/extensionHostProcess.js:29:9459)
	at Ym.A (file:///home/jamie/.vscode-server/bin/6609ac3d66f4eade5cf376d1cb76f13985724bcb/out/vs/workbench/api/node/extensionHostProcess.js:29:12575)
	at Th.value (file:///home/jamie/.vscode-server/bin/6609ac3d66f4eade5cf376d1cb76f13985724bcb/out/vs/workbench/api/node/extensionHostProcess.js:29:10995)
	at D.B (file:///home/jamie/.vscode-server/bin/6609ac3d66f4eade5cf376d1cb76f13985724bcb/out/vs/workbench/api/node/extensionHostProcess.js:27:2375)
	at D.fire (file:///home/jamie/.vscode-server/bin/6609ac3d66f4eade5cf376d1cb76f13985724bcb/out/vs/workbench/api/node/extensionHostProcess.js:27:2593)
	at C6.acceptChunk (file:///home/jamie/.vscode-server/bin/6609ac3d66f4eade5cf376d1cb76f13985724bcb/out/vs/workbench/api/node/extensionHostProcess.js:29:7942)
	at Th.value (file:///home/jamie/.vscode-server/bin/6609ac3d66f4eade5cf376d1cb76f13985724bcb/out/vs/workbench/api/node/extensionHostProcess.js:29:7228)
	at D.B (file:///home/jamie/.vscode-server/bin/6609ac3d66f4eade5cf376d1cb76f13985724bcb/out/vs/workbench/api/node/extensionHostProcess.js:27:2375)
	at D.fire (file:///home/jamie/.vscode-server/bin/6609ac3d66f4eade5cf376d1cb76f13985724bcb/out/vs/workbench/api/node/extensionHostProcess.js:27:2593)
	at tT.z (file:///home/jamie/.vscode-server/bin/6609ac3d66f4eade5cf376d1cb76f13985724bcb/out/vs/workbench/api/node/extensionHostProcess.js:29:21747)
	at tT.acceptFrame (file:///home/jamie/.vscode-server/bin/6609ac3d66f4eade5cf376d1cb76f13985724bcb/out/vs/workbench/api/node/extensionHostProcess.js:29:21553)
	at eT.n (file:///home/jamie/.vscode-server/bin/6609ac3d66f4eade5cf376d1cb76f13985724bcb/out/vs/workbench/api/node/extensionHostProcess.js:29:20080)
	at file:///home/jamie/.vscode-server/bin/6609ac3d66f4eade5cf376d1cb76f13985724bcb/out/vs/workbench/api/node/extensionHostProcess.js:29:17312
	at Socket.t (file:///home/jamie/.vscode-server/bin/6609ac3d66f4eade5cf376d1cb76f13985724bcb/out/vs/workbench/api/node/extensionHostProcess.js:29:15252)
	at Socket.emit (node:events:518:28)
	at addChunk (node:internal/streams/readable:561:12)
	at readableAddChunkPushByteMode (node:internal/streams/readable:512:3)
	at Readable.push (node:internal/streams/readable:392:5)
	at TCP.onStreamRead (node:internal/stream_base_commons:191:23)
2025-03-10 14:24:52.696 [error] [vscode.emmet] provider FAILED
2025-03-10 14:24:52.696 [error] Error: Unable to consume quoted string at char 478
	at r.error (/home/jamie/.vscode-server/bin/6609ac3d66f4eade5cf376d1cb76f13985724bcb/extensions/emmet/dist/node/emmetNodeMain.js:1:22471)
	at s (/home/jamie/.vscode-server/bin/6609ac3d66f4eade5cf376d1cb76f13985724bcb/extensions/emmet/dist/node/emmetNodeMain.js:1:21144)
	at p (/home/jamie/.vscode-server/bin/6609ac3d66f4eade5cf376d1cb76f13985724bcb/extensions/emmet/dist/node/emmetNodeMain.js:1:21569)
	at u (/home/jamie/.vscode-server/bin/6609ac3d66f4eade5cf376d1cb76f13985724bcb/extensions/emmet/dist/node/emmetNodeMain.js:1:14683)
	at p (/home/jamie/.vscode-server/bin/6609ac3d66f4eade5cf376d1cb76f13985724bcb/extensions/emmet/dist/node/emmetNodeMain.js:1:14817)
	at /home/jamie/.vscode-server/bin/6609ac3d66f4eade5cf376d1cb76f13985724bcb/extensions/emmet/dist/node/emmetNodeMain.js:1:15429
	at v (/home/jamie/.vscode-server/bin/6609ac3d66f4eade5cf376d1cb76f13985724bcb/extensions/emmet/dist/node/emmetNodeMain.js:1:15535)
	at E (/home/jamie/.vscode-server/bin/6609ac3d66f4eade5cf376d1cb76f13985724bcb/extensions/emmet/dist/node/emmetNodeMain.js:1:16481)
	at I (/home/jamie/.vscode-server/bin/6609ac3d66f4eade5cf376d1cb76f13985724bcb/extensions/emmet/dist/node/emmetNodeMain.js:1:16891)
	at t.getRootNode (/home/jamie/.vscode-server/bin/6609ac3d66f4eade5cf376d1cb76f13985724bcb/extensions/emmet/dist/node/emmetNodeMain.js:1:211771)
	at t.DefaultCompletionItemProvider.provideCompletionItemsInternal (/home/jamie/.vscode-server/bin/6609ac3d66f4eade5cf376d1cb76f13985724bcb/extensions/emmet/dist/node/emmetNodeMain.js:1:189574)
	at t.DefaultCompletionItemProvider.provideCompletionItems (/home/jamie/.vscode-server/bin/6609ac3d66f4eade5cf376d1cb76f13985724bcb/extensions/emmet/dist/node/emmetNodeMain.js:1:188352)
	at XI.provideCompletionItems (file:///home/jamie/.vscode-server/bin/6609ac3d66f4eade5cf376d1cb76f13985724bcb/out/vs/workbench/api/node/extensionHostProcess.js:135:140304)
	at file:///home/jamie/.vscode-server/bin/6609ac3d66f4eade5cf376d1cb76f13985724bcb/out/vs/workbench/api/node/extensionHostProcess.js:135:163628
	at qt.s (file:///home/jamie/.vscode-server/bin/6609ac3d66f4eade5cf376d1cb76f13985724bcb/out/vs/workbench/api/node/extensionHostProcess.js:135:154915)
	at qt.$provideCompletionItems (file:///home/jamie/.vscode-server/bin/6609ac3d66f4eade5cf376d1cb76f13985724bcb/out/vs/workbench/api/node/extensionHostProcess.js:135:163616)
	at qy.S (file:///home/jamie/.vscode-server/bin/6609ac3d66f4eade5cf376d1cb76f13985724bcb/out/vs/workbench/api/node/extensionHostProcess.js:29:159602)
	at qy.Q (file:///home/jamie/.vscode-server/bin/6609ac3d66f4eade5cf376d1cb76f13985724bcb/out/vs/workbench/api/node/extensionHostProcess.js:29:159382)
	at qy.M (file:///home/jamie/.vscode-server/bin/6609ac3d66f4eade5cf376d1cb76f13985724bcb/out/vs/workbench/api/node/extensionHostProcess.js:29:158433)
	at qy.L (file:///home/jamie/.vscode-server/bin/6609ac3d66f4eade5cf376d1cb76f13985724bcb/out/vs/workbench/api/node/extensionHostProcess.js:29:157576)
	at Th.value (file:///home/jamie/.vscode-server/bin/6609ac3d66f4eade5cf376d1cb76f13985724bcb/out/vs/workbench/api/node/extensionHostProcess.js:29:156373)
	at D.B (file:///home/jamie/.vscode-server/bin/6609ac3d66f4eade5cf376d1cb76f13985724bcb/out/vs/workbench/api/node/extensionHostProcess.js:27:2375)
	at D.fire (file:///home/jamie/.vscode-server/bin/6609ac3d66f4eade5cf376d1cb76f13985724bcb/out/vs/workbench/api/node/extensionHostProcess.js:27:2593)
	at Gn.fire (file:///home/jamie/.vscode-server/bin/6609ac3d66f4eade5cf376d1cb76f13985724bcb/out/vs/workbench/api/node/extensionHostProcess.js:29:9459)
	at Th.value (file:///home/jamie/.vscode-server/bin/6609ac3d66f4eade5cf376d1cb76f13985724bcb/out/vs/workbench/api/node/extensionHostProcess.js:190:13324)
	at D.B (file:///home/jamie/.vscode-server/bin/6609ac3d66f4eade5cf376d1cb76f13985724bcb/out/vs/workbench/api/node/extensionHostProcess.js:27:2375)
	at D.fire (file:///home/jamie/.vscode-server/bin/6609ac3d66f4eade5cf376d1cb76f13985724bcb/out/vs/workbench/api/node/extensionHostProcess.js:27:2593)
	at Gn.fire (file:///home/jamie/.vscode-server/bin/6609ac3d66f4eade5cf376d1cb76f13985724bcb/out/vs/workbench/api/node/extensionHostProcess.js:29:9459)
	at Ym.A (file:///home/jamie/.vscode-server/bin/6609ac3d66f4eade5cf376d1cb76f13985724bcb/out/vs/workbench/api/node/extensionHostProcess.js:29:12575)
	at Th.value (file:///home/jamie/.vscode-server/bin/6609ac3d66f4eade5cf376d1cb76f13985724bcb/out/vs/workbench/api/node/extensionHostProcess.js:29:10995)
	at D.B (file:///home/jamie/.vscode-server/bin/6609ac3d66f4eade5cf376d1cb76f13985724bcb/out/vs/workbench/api/node/extensionHostProcess.js:27:2375)
	at D.fire (file:///home/jamie/.vscode-server/bin/6609ac3d66f4eade5cf376d1cb76f13985724bcb/out/vs/workbench/api/node/extensionHostProcess.js:27:2593)
	at C6.acceptChunk (file:///home/jamie/.vscode-server/bin/6609ac3d66f4eade5cf376d1cb76f13985724bcb/out/vs/workbench/api/node/extensionHostProcess.js:29:7942)
	at Th.value (file:///home/jamie/.vscode-server/bin/6609ac3d66f4eade5cf376d1cb76f13985724bcb/out/vs/workbench/api/node/extensionHostProcess.js:29:7228)
	at D.B (file:///home/jamie/.vscode-server/bin/6609ac3d66f4eade5cf376d1cb76f13985724bcb/out/vs/workbench/api/node/extensionHostProcess.js:27:2375)
	at D.fire (file:///home/jamie/.vscode-server/bin/6609ac3d66f4eade5cf376d1cb76f13985724bcb/out/vs/workbench/api/node/extensionHostProcess.js:27:2593)
	at tT.z (file:///home/jamie/.vscode-server/bin/6609ac3d66f4eade5cf376d1cb76f13985724bcb/out/vs/workbench/api/node/extensionHostProcess.js:29:21747)
	at tT.acceptFrame (file:///home/jamie/.vscode-server/bin/6609ac3d66f4eade5cf376d1cb76f13985724bcb/out/vs/workbench/api/node/extensionHostProcess.js:29:21553)
	at eT.n (file:///home/jamie/.vscode-server/bin/6609ac3d66f4eade5cf376d1cb76f13985724bcb/out/vs/workbench/api/node/extensionHostProcess.js:29:20080)
	at file:///home/jamie/.vscode-server/bin/6609ac3d66f4eade5cf376d1cb76f13985724bcb/out/vs/workbench/api/node/extensionHostProcess.js:29:17312
	at Socket.t (file:///home/jamie/.vscode-server/bin/6609ac3d66f4eade5cf376d1cb76f13985724bcb/out/vs/workbench/api/node/extensionHostProcess.js:29:15252)
	at Socket.emit (node:events:518:28)
	at addChunk (node:internal/streams/readable:561:12)
	at readableAddChunkPushByteMode (node:internal/streams/readable:512:3)
	at Readable.push (node:internal/streams/readable:392:5)
	at TCP.onStreamRead (node:internal/stream_base_commons:191:23)
2025-03-10 14:24:52.906 [error] [vscode.emmet] provider FAILED
2025-03-10 14:24:52.906 [error] Error: Unable to consume quoted string at char 479
	at r.error (/home/jamie/.vscode-server/bin/6609ac3d66f4eade5cf376d1cb76f13985724bcb/extensions/emmet/dist/node/emmetNodeMain.js:1:22471)
	at s (/home/jamie/.vscode-server/bin/6609ac3d66f4eade5cf376d1cb76f13985724bcb/extensions/emmet/dist/node/emmetNodeMain.js:1:21144)
	at p (/home/jamie/.vscode-server/bin/6609ac3d66f4eade5cf376d1cb76f13985724bcb/extensions/emmet/dist/node/emmetNodeMain.js:1:21569)
	at u (/home/jamie/.vscode-server/bin/6609ac3d66f4eade5cf376d1cb76f13985724bcb/extensions/emmet/dist/node/emmetNodeMain.js:1:14683)
	at p (/home/jamie/.vscode-server/bin/6609ac3d66f4eade5cf376d1cb76f13985724bcb/extensions/emmet/dist/node/emmetNodeMain.js:1:14817)
	at /home/jamie/.vscode-server/bin/6609ac3d66f4eade5cf376d1cb76f13985724bcb/extensions/emmet/dist/node/emmetNodeMain.js:1:15429
	at v (/home/jamie/.vscode-server/bin/6609ac3d66f4eade5cf376d1cb76f13985724bcb/extensions/emmet/dist/node/emmetNodeMain.js:1:15535)
	at E (/home/jamie/.vscode-server/bin/6609ac3d66f4eade5cf376d1cb76f13985724bcb/extensions/emmet/dist/node/emmetNodeMain.js:1:16481)
	at I (/home/jamie/.vscode-server/bin/6609ac3d66f4eade5cf376d1cb76f13985724bcb/extensions/emmet/dist/node/emmetNodeMain.js:1:16891)
	at t.getRootNode (/home/jamie/.vscode-server/bin/6609ac3d66f4eade5cf376d1cb76f13985724bcb/extensions/emmet/dist/node/emmetNodeMain.js:1:211771)
	at t.DefaultCompletionItemProvider.provideCompletionItemsInternal (/home/jamie/.vscode-server/bin/6609ac3d66f4eade5cf376d1cb76f13985724bcb/extensions/emmet/dist/node/emmetNodeMain.js:1:189574)
	at t.DefaultCompletionItemProvider.provideCompletionItems (/home/jamie/.vscode-server/bin/6609ac3d66f4eade5cf376d1cb76f13985724bcb/extensions/emmet/dist/node/emmetNodeMain.js:1:188352)
	at XI.provideCompletionItems (file:///home/jamie/.vscode-server/bin/6609ac3d66f4eade5cf376d1cb76f13985724bcb/out/vs/workbench/api/node/extensionHostProcess.js:135:140304)
	at file:///home/jamie/.vscode-server/bin/6609ac3d66f4eade5cf376d1cb76f13985724bcb/out/vs/workbench/api/node/extensionHostProcess.js:135:163628
	at qt.s (file:///home/jamie/.vscode-server/bin/6609ac3d66f4eade5cf376d1cb76f13985724bcb/out/vs/workbench/api/node/extensionHostProcess.js:135:154915)
	at qt.$provideCompletionItems (file:///home/jamie/.vscode-server/bin/6609ac3d66f4eade5cf376d1cb76f13985724bcb/out/vs/workbench/api/node/extensionHostProcess.js:135:163616)
	at qy.S (file:///home/jamie/.vscode-server/bin/6609ac3d66f4eade5cf376d1cb76f13985724bcb/out/vs/workbench/api/node/extensionHostProcess.js:29:159602)
	at qy.Q (file:///home/jamie/.vscode-server/bin/6609ac3d66f4eade5cf376d1cb76f13985724bcb/out/vs/workbench/api/node/extensionHostProcess.js:29:159382)
	at qy.M (file:///home/jamie/.vscode-server/bin/6609ac3d66f4eade5cf376d1cb76f13985724bcb/out/vs/workbench/api/node/extensionHostProcess.js:29:158433)
	at qy.L (file:///home/jamie/.vscode-server/bin/6609ac3d66f4eade5cf376d1cb76f13985724bcb/out/vs/workbench/api/node/extensionHostProcess.js:29:157576)
	at Th.value (file:///home/jamie/.vscode-server/bin/6609ac3d66f4eade5cf376d1cb76f13985724bcb/out/vs/workbench/api/node/extensionHostProcess.js:29:156373)
	at D.B (file:///home/jamie/.vscode-server/bin/6609ac3d66f4eade5cf376d1cb76f13985724bcb/out/vs/workbench/api/node/extensionHostProcess.js:27:2375)
	at D.fire (file:///home/jamie/.vscode-server/bin/6609ac3d66f4eade5cf376d1cb76f13985724bcb/out/vs/workbench/api/node/extensionHostProcess.js:27:2593)
	at Gn.fire (file:///home/jamie/.vscode-server/bin/6609ac3d66f4eade5cf376d1cb76f13985724bcb/out/vs/workbench/api/node/extensionHostProcess.js:29:9459)
	at Th.value (file:///home/jamie/.vscode-server/bin/6609ac3d66f4eade5cf376d1cb76f13985724bcb/out/vs/workbench/api/node/extensionHostProcess.js:190:13324)
	at D.B (file:///home/jamie/.vscode-server/bin/6609ac3d66f4eade5cf376d1cb76f13985724bcb/out/vs/workbench/api/node/extensionHostProcess.js:27:2375)
	at D.fire (file:///home/jamie/.vscode-server/bin/6609ac3d66f4eade5cf376d1cb76f13985724bcb/out/vs/workbench/api/node/extensionHostProcess.js:27:2593)
	at Gn.fire (file:///home/jamie/.vscode-server/bin/6609ac3d66f4eade5cf376d1cb76f13985724bcb/out/vs/workbench/api/node/extensionHostProcess.js:29:9459)
	at Ym.A (file:///home/jamie/.vscode-server/bin/6609ac3d66f4eade5cf376d1cb76f13985724bcb/out/vs/workbench/api/node/extensionHostProcess.js:29:12575)
	at Th.value (file:///home/jamie/.vscode-server/bin/6609ac3d66f4eade5cf376d1cb76f13985724bcb/out/vs/workbench/api/node/extensionHostProcess.js:29:10995)
	at D.B (file:///home/jamie/.vscode-server/bin/6609ac3d66f4eade5cf376d1cb76f13985724bcb/out/vs/workbench/api/node/extensionHostProcess.js:27:2375)
	at D.fire (file:///home/jamie/.vscode-server/bin/6609ac3d66f4eade5cf376d1cb76f13985724bcb/out/vs/workbench/api/node/extensionHostProcess.js:27:2593)
	at C6.acceptChunk (file:///home/jamie/.vscode-server/bin/6609ac3d66f4eade5cf376d1cb76f13985724bcb/out/vs/workbench/api/node/extensionHostProcess.js:29:7942)
	at Th.value (file:///home/jamie/.vscode-server/bin/6609ac3d66f4eade5cf376d1cb76f13985724bcb/out/vs/workbench/api/node/extensionHostProcess.js:29:7228)
	at D.B (file:///home/jamie/.vscode-server/bin/6609ac3d66f4eade5cf376d1cb76f13985724bcb/out/vs/workbench/api/node/extensionHostProcess.js:27:2375)
	at D.fire (file:///home/jamie/.vscode-server/bin/6609ac3d66f4eade5cf376d1cb76f13985724bcb/out/vs/workbench/api/node/extensionHostProcess.js:27:2593)
	at tT.z (file:///home/jamie/.vscode-server/bin/6609ac3d66f4eade5cf376d1cb76f13985724bcb/out/vs/workbench/api/node/extensionHostProcess.js:29:21747)
	at tT.acceptFrame (file:///home/jamie/.vscode-server/bin/6609ac3d66f4eade5cf376d1cb76f13985724bcb/out/vs/workbench/api/node/extensionHostProcess.js:29:21553)
	at eT.n (file:///home/jamie/.vscode-server/bin/6609ac3d66f4eade5cf376d1cb76f13985724bcb/out/vs/workbench/api/node/extensionHostProcess.js:29:20080)
	at file:///home/jamie/.vscode-server/bin/6609ac3d66f4eade5cf376d1cb76f13985724bcb/out/vs/workbench/api/node/extensionHostProcess.js:29:17312
	at Socket.t (file:///home/jamie/.vscode-server/bin/6609ac3d66f4eade5cf376d1cb76f13985724bcb/out/vs/workbench/api/node/extensionHostProcess.js:29:15252)
	at Socket.emit (node:events:518:28)
	at addChunk (node:internal/streams/readable:561:12)
	at readableAddChunkPushByteMode (node:internal/streams/readable:512:3)
	at Readable.push (node:internal/streams/readable:392:5)
	at TCP.onStreamRead (node:internal/stream_base_commons:191:23)
2025-03-10 14:24:53.285 [error] [vscode.emmet] provider FAILED
2025-03-10 14:24:53.285 [error] Error: Unable to consume quoted string at char 480
	at r.error (/home/jamie/.vscode-server/bin/6609ac3d66f4eade5cf376d1cb76f13985724bcb/extensions/emmet/dist/node/emmetNodeMain.js:1:22471)
	at s (/home/jamie/.vscode-server/bin/6609ac3d66f4eade5cf376d1cb76f13985724bcb/extensions/emmet/dist/node/emmetNodeMain.js:1:21144)
	at p (/home/jamie/.vscode-server/bin/6609ac3d66f4eade5cf376d1cb76f13985724bcb/extensions/emmet/dist/node/emmetNodeMain.js:1:21569)
	at u (/home/jamie/.vscode-server/bin/6609ac3d66f4eade5cf376d1cb76f13985724bcb/extensions/emmet/dist/node/emmetNodeMain.js:1:14683)
	at p (/home/jamie/.vscode-server/bin/6609ac3d66f4eade5cf376d1cb76f13985724bcb/extensions/emmet/dist/node/emmetNodeMain.js:1:14817)
	at /home/jamie/.vscode-server/bin/6609ac3d66f4eade5cf376d1cb76f13985724bcb/extensions/emmet/dist/node/emmetNodeMain.js:1:15429
	at v (/home/jamie/.vscode-server/bin/6609ac3d66f4eade5cf376d1cb76f13985724bcb/extensions/emmet/dist/node/emmetNodeMain.js:1:15535)
	at E (/home/jamie/.vscode-server/bin/6609ac3d66f4eade5cf376d1cb76f13985724bcb/extensions/emmet/dist/node/emmetNodeMain.js:1:16481)
	at I (/home/jamie/.vscode-server/bin/6609ac3d66f4eade5cf376d1cb76f13985724bcb/extensions/emmet/dist/node/emmetNodeMain.js:1:16891)
	at t.getRootNode (/home/jamie/.vscode-server/bin/6609ac3d66f4eade5cf376d1cb76f13985724bcb/extensions/emmet/dist/node/emmetNodeMain.js:1:211771)
	at t.DefaultCompletionItemProvider.provideCompletionItemsInternal (/home/jamie/.vscode-server/bin/6609ac3d66f4eade5cf376d1cb76f13985724bcb/extensions/emmet/dist/node/emmetNodeMain.js:1:189574)
	at t.DefaultCompletionItemProvider.provideCompletionItems (/home/jamie/.vscode-server/bin/6609ac3d66f4eade5cf376d1cb76f13985724bcb/extensions/emmet/dist/node/emmetNodeMain.js:1:188352)
	at XI.provideCompletionItems (file:///home/jamie/.vscode-server/bin/6609ac3d66f4eade5cf376d1cb76f13985724bcb/out/vs/workbench/api/node/extensionHostProcess.js:135:140304)
	at file:///home/jamie/.vscode-server/bin/6609ac3d66f4eade5cf376d1cb76f13985724bcb/out/vs/workbench/api/node/extensionHostProcess.js:135:163628
	at qt.s (file:///home/jamie/.vscode-server/bin/6609ac3d66f4eade5cf376d1cb76f13985724bcb/out/vs/workbench/api/node/extensionHostProcess.js:135:154915)
	at qt.$provideCompletionItems (file:///home/jamie/.vscode-server/bin/6609ac3d66f4eade5cf376d1cb76f13985724bcb/out/vs/workbench/api/node/extensionHostProcess.js:135:163616)
	at qy.S (file:///home/jamie/.vscode-server/bin/6609ac3d66f4eade5cf376d1cb76f13985724bcb/out/vs/workbench/api/node/extensionHostProcess.js:29:159602)
	at qy.Q (file:///home/jamie/.vscode-server/bin/6609ac3d66f4eade5cf376d1cb76f13985724bcb/out/vs/workbench/api/node/extensionHostProcess.js:29:159382)
	at qy.M (file:///home/jamie/.vscode-server/bin/6609ac3d66f4eade5cf376d1cb76f13985724bcb/out/vs/workbench/api/node/extensionHostProcess.js:29:158433)
	at qy.L (file:///home/jamie/.vscode-server/bin/6609ac3d66f4eade5cf376d1cb76f13985724bcb/out/vs/workbench/api/node/extensionHostProcess.js:29:157576)
	at Th.value (file:///home/jamie/.vscode-server/bin/6609ac3d66f4eade5cf376d1cb76f13985724bcb/out/vs/workbench/api/node/extensionHostProcess.js:29:156373)
	at D.B (file:///home/jamie/.vscode-server/bin/6609ac3d66f4eade5cf376d1cb76f13985724bcb/out/vs/workbench/api/node/extensionHostProcess.js:27:2375)
	at D.fire (file:///home/jamie/.vscode-server/bin/6609ac3d66f4eade5cf376d1cb76f13985724bcb/out/vs/workbench/api/node/extensionHostProcess.js:27:2593)
	at Gn.fire (file:///home/jamie/.vscode-server/bin/6609ac3d66f4eade5cf376d1cb76f13985724bcb/out/vs/workbench/api/node/extensionHostProcess.js:29:9459)
	at Th.value (file:///home/jamie/.vscode-server/bin/6609ac3d66f4eade5cf376d1cb76f13985724bcb/out/vs/workbench/api/node/extensionHostProcess.js:190:13324)
	at D.B (file:///home/jamie/.vscode-server/bin/6609ac3d66f4eade5cf376d1cb76f13985724bcb/out/vs/workbench/api/node/extensionHostProcess.js:27:2375)
	at D.fire (file:///home/jamie/.vscode-server/bin/6609ac3d66f4eade5cf376d1cb76f13985724bcb/out/vs/workbench/api/node/extensionHostProcess.js:27:2593)
	at Gn.fire (file:///home/jamie/.vscode-server/bin/6609ac3d66f4eade5cf376d1cb76f13985724bcb/out/vs/workbench/api/node/extensionHostProcess.js:29:9459)
	at Ym.A (file:///home/jamie/.vscode-server/bin/6609ac3d66f4eade5cf376d1cb76f13985724bcb/out/vs/workbench/api/node/extensionHostProcess.js:29:12575)
	at Th.value (file:///home/jamie/.vscode-server/bin/6609ac3d66f4eade5cf376d1cb76f13985724bcb/out/vs/workbench/api/node/extensionHostProcess.js:29:10995)
	at D.B (file:///home/jamie/.vscode-server/bin/6609ac3d66f4eade5cf376d1cb76f13985724bcb/out/vs/workbench/api/node/extensionHostProcess.js:27:2375)
	at D.fire (file:///home/jamie/.vscode-server/bin/6609ac3d66f4eade5cf376d1cb76f13985724bcb/out/vs/workbench/api/node/extensionHostProcess.js:27:2593)
	at C6.acceptChunk (file:///home/jamie/.vscode-server/bin/6609ac3d66f4eade5cf376d1cb76f13985724bcb/out/vs/workbench/api/node/extensionHostProcess.js:29:7942)
	at Th.value (file:///home/jamie/.vscode-server/bin/6609ac3d66f4eade5cf376d1cb76f13985724bcb/out/vs/workbench/api/node/extensionHostProcess.js:29:7228)
	at D.B (file:///home/jamie/.vscode-server/bin/6609ac3d66f4eade5cf376d1cb76f13985724bcb/out/vs/workbench/api/node/extensionHostProcess.js:27:2375)
	at D.fire (file:///home/jamie/.vscode-server/bin/6609ac3d66f4eade5cf376d1cb76f13985724bcb/out/vs/workbench/api/node/extensionHostProcess.js:27:2593)
	at tT.z (file:///home/jamie/.vscode-server/bin/6609ac3d66f4eade5cf376d1cb76f13985724bcb/out/vs/workbench/api/node/extensionHostProcess.js:29:21747)
	at tT.acceptFrame (file:///home/jamie/.vscode-server/bin/6609ac3d66f4eade5cf376d1cb76f13985724bcb/out/vs/workbench/api/node/extensionHostProcess.js:29:21553)
	at eT.n (file:///home/jamie/.vscode-server/bin/6609ac3d66f4eade5cf376d1cb76f13985724bcb/out/vs/workbench/api/node/extensionHostProcess.js:29:20080)
	at file:///home/jamie/.vscode-server/bin/6609ac3d66f4eade5cf376d1cb76f13985724bcb/out/vs/workbench/api/node/extensionHostProcess.js:29:17312
	at Socket.t (file:///home/jamie/.vscode-server/bin/6609ac3d66f4eade5cf376d1cb76f13985724bcb/out/vs/workbench/api/node/extensionHostProcess.js:29:15252)
	at Socket.emit (node:events:518:28)
	at addChunk (node:internal/streams/readable:561:12)
	at readableAddChunkPushByteMode (node:internal/streams/readable:512:3)
	at Readable.push (node:internal/streams/readable:392:5)
	at TCP.onStreamRead (node:internal/stream_base_commons:191:23)
2025-03-10 14:24:53.426 [error] [vscode.emmet] provider FAILED
2025-03-10 14:24:53.426 [error] Error: Unable to consume quoted string at char 481
	at r.error (/home/jamie/.vscode-server/bin/6609ac3d66f4eade5cf376d1cb76f13985724bcb/extensions/emmet/dist/node/emmetNodeMain.js:1:22471)
	at s (/home/jamie/.vscode-server/bin/6609ac3d66f4eade5cf376d1cb76f13985724bcb/extensions/emmet/dist/node/emmetNodeMain.js:1:21144)
	at p (/home/jamie/.vscode-server/bin/6609ac3d66f4eade5cf376d1cb76f13985724bcb/extensions/emmet/dist/node/emmetNodeMain.js:1:21569)
	at u (/home/jamie/.vscode-server/bin/6609ac3d66f4eade5cf376d1cb76f13985724bcb/extensions/emmet/dist/node/emmetNodeMain.js:1:14683)
	at p (/home/jamie/.vscode-server/bin/6609ac3d66f4eade5cf376d1cb76f13985724bcb/extensions/emmet/dist/node/emmetNodeMain.js:1:14817)
	at /home/jamie/.vscode-server/bin/6609ac3d66f4eade5cf376d1cb76f13985724bcb/extensions/emmet/dist/node/emmetNodeMain.js:1:15429
	at v (/home/jamie/.vscode-server/bin/6609ac3d66f4eade5cf376d1cb76f13985724bcb/extensions/emmet/dist/node/emmetNodeMain.js:1:15535)
	at E (/home/jamie/.vscode-server/bin/6609ac3d66f4eade5cf376d1cb76f13985724bcb/extensions/emmet/dist/node/emmetNodeMain.js:1:16481)
	at I (/home/jamie/.vscode-server/bin/6609ac3d66f4eade5cf376d1cb76f13985724bcb/extensions/emmet/dist/node/emmetNodeMain.js:1:16891)
	at t.getRootNode (/home/jamie/.vscode-server/bin/6609ac3d66f4eade5cf376d1cb76f13985724bcb/extensions/emmet/dist/node/emmetNodeMain.js:1:211771)
	at t.DefaultCompletionItemProvider.provideCompletionItemsInternal (/home/jamie/.vscode-server/bin/6609ac3d66f4eade5cf376d1cb76f13985724bcb/extensions/emmet/dist/node/emmetNodeMain.js:1:189574)
	at t.DefaultCompletionItemProvider.provideCompletionItems (/home/jamie/.vscode-server/bin/6609ac3d66f4eade5cf376d1cb76f13985724bcb/extensions/emmet/dist/node/emmetNodeMain.js:1:188352)
	at XI.provideCompletionItems (file:///home/jamie/.vscode-server/bin/6609ac3d66f4eade5cf376d1cb76f13985724bcb/out/vs/workbench/api/node/extensionHostProcess.js:135:140304)
	at file:///home/jamie/.vscode-server/bin/6609ac3d66f4eade5cf376d1cb76f13985724bcb/out/vs/workbench/api/node/extensionHostProcess.js:135:163628
	at qt.s (file:///home/jamie/.vscode-server/bin/6609ac3d66f4eade5cf376d1cb76f13985724bcb/out/vs/workbench/api/node/extensionHostProcess.js:135:154915)
	at qt.$provideCompletionItems (file:///home/jamie/.vscode-server/bin/6609ac3d66f4eade5cf376d1cb76f13985724bcb/out/vs/workbench/api/node/extensionHostProcess.js:135:163616)
	at qy.S (file:///home/jamie/.vscode-server/bin/6609ac3d66f4eade5cf376d1cb76f13985724bcb/out/vs/workbench/api/node/extensionHostProcess.js:29:159602)
	at qy.Q (file:///home/jamie/.vscode-server/bin/6609ac3d66f4eade5cf376d1cb76f13985724bcb/out/vs/workbench/api/node/extensionHostProcess.js:29:159382)
	at qy.M (file:///home/jamie/.vscode-server/bin/6609ac3d66f4eade5cf376d1cb76f13985724bcb/out/vs/workbench/api/node/extensionHostProcess.js:29:158433)
	at qy.L (file:///home/jamie/.vscode-server/bin/6609ac3d66f4eade5cf376d1cb76f13985724bcb/out/vs/workbench/api/node/extensionHostProcess.js:29:157576)
	at Th.value (file:///home/jamie/.vscode-server/bin/6609ac3d66f4eade5cf376d1cb76f13985724bcb/out/vs/workbench/api/node/extensionHostProcess.js:29:156373)
	at D.B (file:///home/jamie/.vscode-server/bin/6609ac3d66f4eade5cf376d1cb76f13985724bcb/out/vs/workbench/api/node/extensionHostProcess.js:27:2375)
	at D.fire (file:///home/jamie/.vscode-server/bin/6609ac3d66f4eade5cf376d1cb76f13985724bcb/out/vs/workbench/api/node/extensionHostProcess.js:27:2593)
	at Gn.fire (file:///home/jamie/.vscode-server/bin/6609ac3d66f4eade5cf376d1cb76f13985724bcb/out/vs/workbench/api/node/extensionHostProcess.js:29:9459)
	at Th.value (file:///home/jamie/.vscode-server/bin/6609ac3d66f4eade5cf376d1cb76f13985724bcb/out/vs/workbench/api/node/extensionHostProcess.js:190:13324)
	at D.B (file:///home/jamie/.vscode-server/bin/6609ac3d66f4eade5cf376d1cb76f13985724bcb/out/vs/workbench/api/node/extensionHostProcess.js:27:2375)
	at D.fire (file:///home/jamie/.vscode-server/bin/6609ac3d66f4eade5cf376d1cb76f13985724bcb/out/vs/workbench/api/node/extensionHostProcess.js:27:2593)
	at Gn.fire (file:///home/jamie/.vscode-server/bin/6609ac3d66f4eade5cf376d1cb76f13985724bcb/out/vs/workbench/api/node/extensionHostProcess.js:29:9459)
	at Ym.A (file:///home/jamie/.vscode-server/bin/6609ac3d66f4eade5cf376d1cb76f13985724bcb/out/vs/workbench/api/node/extensionHostProcess.js:29:12575)
	at Th.value (file:///home/jamie/.vscode-server/bin/6609ac3d66f4eade5cf376d1cb76f13985724bcb/out/vs/workbench/api/node/extensionHostProcess.js:29:10995)
	at D.B (file:///home/jamie/.vscode-server/bin/6609ac3d66f4eade5cf376d1cb76f13985724bcb/out/vs/workbench/api/node/extensionHostProcess.js:27:2375)
	at D.fire (file:///home/jamie/.vscode-server/bin/6609ac3d66f4eade5cf376d1cb76f13985724bcb/out/vs/workbench/api/node/extensionHostProcess.js:27:2593)
	at C6.acceptChunk (file:///home/jamie/.vscode-server/bin/6609ac3d66f4eade5cf376d1cb76f13985724bcb/out/vs/workbench/api/node/extensionHostProcess.js:29:7942)
	at Th.value (file:///home/jamie/.vscode-server/bin/6609ac3d66f4eade5cf376d1cb76f13985724bcb/out/vs/workbench/api/node/extensionHostProcess.js:29:7228)
	at D.B (file:///home/jamie/.vscode-server/bin/6609ac3d66f4eade5cf376d1cb76f13985724bcb/out/vs/workbench/api/node/extensionHostProcess.js:27:2375)
	at D.fire (file:///home/jamie/.vscode-server/bin/6609ac3d66f4eade5cf376d1cb76f13985724bcb/out/vs/workbench/api/node/extensionHostProcess.js:27:2593)
	at tT.z (file:///home/jamie/.vscode-server/bin/6609ac3d66f4eade5cf376d1cb76f13985724bcb/out/vs/workbench/api/node/extensionHostProcess.js:29:21747)
	at tT.acceptFrame (file:///home/jamie/.vscode-server/bin/6609ac3d66f4eade5cf376d1cb76f13985724bcb/out/vs/workbench/api/node/extensionHostProcess.js:29:21553)
	at eT.n (file:///home/jamie/.vscode-server/bin/6609ac3d66f4eade5cf376d1cb76f13985724bcb/out/vs/workbench/api/node/extensionHostProcess.js:29:20080)
	at file:///home/jamie/.vscode-server/bin/6609ac3d66f4eade5cf376d1cb76f13985724bcb/out/vs/workbench/api/node/extensionHostProcess.js:29:17312
	at Socket.t (file:///home/jamie/.vscode-server/bin/6609ac3d66f4eade5cf376d1cb76f13985724bcb/out/vs/workbench/api/node/extensionHostProcess.js:29:15252)
	at Socket.emit (node:events:518:28)
	at addChunk (node:internal/streams/readable:561:12)
	at readableAddChunkPushByteMode (node:internal/streams/readable:512:3)
	at Readable.push (node:internal/streams/readable:392:5)
	at TCP.onStreamRead (node:internal/stream_base_commons:191:23)
2025-03-10 14:24:53.512 [error] [vscode.emmet] provider FAILED
2025-03-10 14:24:53.512 [error] Error: Unable to consume quoted string at char 482
	at r.error (/home/jamie/.vscode-server/bin/6609ac3d66f4eade5cf376d1cb76f13985724bcb/extensions/emmet/dist/node/emmetNodeMain.js:1:22471)
	at s (/home/jamie/.vscode-server/bin/6609ac3d66f4eade5cf376d1cb76f13985724bcb/extensions/emmet/dist/node/emmetNodeMain.js:1:21144)
	at p (/home/jamie/.vscode-server/bin/6609ac3d66f4eade5cf376d1cb76f13985724bcb/extensions/emmet/dist/node/emmetNodeMain.js:1:21569)
	at u (/home/jamie/.vscode-server/bin/6609ac3d66f4eade5cf376d1cb76f13985724bcb/extensions/emmet/dist/node/emmetNodeMain.js:1:14683)
	at p (/home/jamie/.vscode-server/bin/6609ac3d66f4eade5cf376d1cb76f13985724bcb/extensions/emmet/dist/node/emmetNodeMain.js:1:14817)
	at /home/jamie/.vscode-server/bin/6609ac3d66f4eade5cf376d1cb76f13985724bcb/extensions/emmet/dist/node/emmetNodeMain.js:1:15429
	at v (/home/jamie/.vscode-server/bin/6609ac3d66f4eade5cf376d1cb76f13985724bcb/extensions/emmet/dist/node/emmetNodeMain.js:1:15535)
	at E (/home/jamie/.vscode-server/bin/6609ac3d66f4eade5cf376d1cb76f13985724bcb/extensions/emmet/dist/node/emmetNodeMain.js:1:16481)
	at I (/home/jamie/.vscode-server/bin/6609ac3d66f4eade5cf376d1cb76f13985724bcb/extensions/emmet/dist/node/emmetNodeMain.js:1:16891)
	at t.getRootNode (/home/jamie/.vscode-server/bin/6609ac3d66f4eade5cf376d1cb76f13985724bcb/extensions/emmet/dist/node/emmetNodeMain.js:1:211771)
	at t.DefaultCompletionItemProvider.provideCompletionItemsInternal (/home/jamie/.vscode-server/bin/6609ac3d66f4eade5cf376d1cb76f13985724bcb/extensions/emmet/dist/node/emmetNodeMain.js:1:189574)
	at t.DefaultCompletionItemProvider.provideCompletionItems (/home/jamie/.vscode-server/bin/6609ac3d66f4eade5cf376d1cb76f13985724bcb/extensions/emmet/dist/node/emmetNodeMain.js:1:188352)
	at XI.provideCompletionItems (file:///home/jamie/.vscode-server/bin/6609ac3d66f4eade5cf376d1cb76f13985724bcb/out/vs/workbench/api/node/extensionHostProcess.js:135:140304)
	at file:///home/jamie/.vscode-server/bin/6609ac3d66f4eade5cf376d1cb76f13985724bcb/out/vs/workbench/api/node/extensionHostProcess.js:135:163628
	at qt.s (file:///home/jamie/.vscode-server/bin/6609ac3d66f4eade5cf376d1cb76f13985724bcb/out/vs/workbench/api/node/extensionHostProcess.js:135:154915)
	at qt.$provideCompletionItems (file:///home/jamie/.vscode-server/bin/6609ac3d66f4eade5cf376d1cb76f13985724bcb/out/vs/workbench/api/node/extensionHostProcess.js:135:163616)
	at qy.S (file:///home/jamie/.vscode-server/bin/6609ac3d66f4eade5cf376d1cb76f13985724bcb/out/vs/workbench/api/node/extensionHostProcess.js:29:159602)
	at qy.Q (file:///home/jamie/.vscode-server/bin/6609ac3d66f4eade5cf376d1cb76f13985724bcb/out/vs/workbench/api/node/extensionHostProcess.js:29:159382)
	at qy.M (file:///home/jamie/.vscode-server/bin/6609ac3d66f4eade5cf376d1cb76f13985724bcb/out/vs/workbench/api/node/extensionHostProcess.js:29:158433)
	at qy.L (file:///home/jamie/.vscode-server/bin/6609ac3d66f4eade5cf376d1cb76f13985724bcb/out/vs/workbench/api/node/extensionHostProcess.js:29:157576)
	at Th.value (file:///home/jamie/.vscode-server/bin/6609ac3d66f4eade5cf376d1cb76f13985724bcb/out/vs/workbench/api/node/extensionHostProcess.js:29:156373)
	at D.B (file:///home/jamie/.vscode-server/bin/6609ac3d66f4eade5cf376d1cb76f13985724bcb/out/vs/workbench/api/node/extensionHostProcess.js:27:2375)
	at D.fire (file:///home/jamie/.vscode-server/bin/6609ac3d66f4eade5cf376d1cb76f13985724bcb/out/vs/workbench/api/node/extensionHostProcess.js:27:2593)
	at Gn.fire (file:///home/jamie/.vscode-server/bin/6609ac3d66f4eade5cf376d1cb76f13985724bcb/out/vs/workbench/api/node/extensionHostProcess.js:29:9459)
	at Th.value (file:///home/jamie/.vscode-server/bin/6609ac3d66f4eade5cf376d1cb76f13985724bcb/out/vs/workbench/api/node/extensionHostProcess.js:190:13324)
	at D.B (file:///home/jamie/.vscode-server/bin/6609ac3d66f4eade5cf376d1cb76f13985724bcb/out/vs/workbench/api/node/extensionHostProcess.js:27:2375)
	at D.fire (file:///home/jamie/.vscode-server/bin/6609ac3d66f4eade5cf376d1cb76f13985724bcb/out/vs/workbench/api/node/extensionHostProcess.js:27:2593)
	at Gn.fire (file:///home/jamie/.vscode-server/bin/6609ac3d66f4eade5cf376d1cb76f13985724bcb/out/vs/workbench/api/node/extensionHostProcess.js:29:9459)
	at Ym.A (file:///home/jamie/.vscode-server/bin/6609ac3d66f4eade5cf376d1cb76f13985724bcb/out/vs/workbench/api/node/extensionHostProcess.js:29:12575)
	at Th.value (file:///home/jamie/.vscode-server/bin/6609ac3d66f4eade5cf376d1cb76f13985724bcb/out/vs/workbench/api/node/extensionHostProcess.js:29:10995)
	at D.B (file:///home/jamie/.vscode-server/bin/6609ac3d66f4eade5cf376d1cb76f13985724bcb/out/vs/workbench/api/node/extensionHostProcess.js:27:2375)
	at D.fire (file:///home/jamie/.vscode-server/bin/6609ac3d66f4eade5cf376d1cb76f13985724bcb/out/vs/workbench/api/node/extensionHostProcess.js:27:2593)
	at C6.acceptChunk (file:///home/jamie/.vscode-server/bin/6609ac3d66f4eade5cf376d1cb76f13985724bcb/out/vs/workbench/api/node/extensionHostProcess.js:29:7942)
	at Th.value (file:///home/jamie/.vscode-server/bin/6609ac3d66f4eade5cf376d1cb76f13985724bcb/out/vs/workbench/api/node/extensionHostProcess.js:29:7228)
	at D.B (file:///home/jamie/.vscode-server/bin/6609ac3d66f4eade5cf376d1cb76f13985724bcb/out/vs/workbench/api/node/extensionHostProcess.js:27:2375)
	at D.fire (file:///home/jamie/.vscode-server/bin/6609ac3d66f4eade5cf376d1cb76f13985724bcb/out/vs/workbench/api/node/extensionHostProcess.js:27:2593)
	at tT.z (file:///home/jamie/.vscode-server/bin/6609ac3d66f4eade5cf376d1cb76f13985724bcb/out/vs/workbench/api/node/extensionHostProcess.js:29:21747)
	at tT.acceptFrame (file:///home/jamie/.vscode-server/bin/6609ac3d66f4eade5cf376d1cb76f13985724bcb/out/vs/workbench/api/node/extensionHostProcess.js:29:21553)
	at eT.n (file:///home/jamie/.vscode-server/bin/6609ac3d66f4eade5cf376d1cb76f13985724bcb/out/vs/workbench/api/node/extensionHostProcess.js:29:20080)
	at file:///home/jamie/.vscode-server/bin/6609ac3d66f4eade5cf376d1cb76f13985724bcb/out/vs/workbench/api/node/extensionHostProcess.js:29:17312
	at Socket.t (file:///home/jamie/.vscode-server/bin/6609ac3d66f4eade5cf376d1cb76f13985724bcb/out/vs/workbench/api/node/extensionHostProcess.js:29:15252)
	at Socket.emit (node:events:518:28)
	at addChunk (node:internal/streams/readable:561:12)
	at readableAddChunkPushByteMode (node:internal/streams/readable:512:3)
	at Readable.push (node:internal/streams/readable:392:5)
	at TCP.onStreamRead (node:internal/stream_base_commons:191:23)
2025-03-10 14:24:54.036 [error] [vscode.emmet] provider FAILED
2025-03-10 14:24:54.036 [error] Error: Unable to consume quoted string at char 483
	at r.error (/home/jamie/.vscode-server/bin/6609ac3d66f4eade5cf376d1cb76f13985724bcb/extensions/emmet/dist/node/emmetNodeMain.js:1:22471)
	at s (/home/jamie/.vscode-server/bin/6609ac3d66f4eade5cf376d1cb76f13985724bcb/extensions/emmet/dist/node/emmetNodeMain.js:1:21144)
	at p (/home/jamie/.vscode-server/bin/6609ac3d66f4eade5cf376d1cb76f13985724bcb/extensions/emmet/dist/node/emmetNodeMain.js:1:21569)
	at u (/home/jamie/.vscode-server/bin/6609ac3d66f4eade5cf376d1cb76f13985724bcb/extensions/emmet/dist/node/emmetNodeMain.js:1:14683)
	at p (/home/jamie/.vscode-server/bin/6609ac3d66f4eade5cf376d1cb76f13985724bcb/extensions/emmet/dist/node/emmetNodeMain.js:1:14817)
	at /home/jamie/.vscode-server/bin/6609ac3d66f4eade5cf376d1cb76f13985724bcb/extensions/emmet/dist/node/emmetNodeMain.js:1:15429
	at v (/home/jamie/.vscode-server/bin/6609ac3d66f4eade5cf376d1cb76f13985724bcb/extensions/emmet/dist/node/emmetNodeMain.js:1:15535)
	at E (/home/jamie/.vscode-server/bin/6609ac3d66f4eade5cf376d1cb76f13985724bcb/extensions/emmet/dist/node/emmetNodeMain.js:1:16481)
	at I (/home/jamie/.vscode-server/bin/6609ac3d66f4eade5cf376d1cb76f13985724bcb/extensions/emmet/dist/node/emmetNodeMain.js:1:16891)
	at t.getRootNode (/home/jamie/.vscode-server/bin/6609ac3d66f4eade5cf376d1cb76f13985724bcb/extensions/emmet/dist/node/emmetNodeMain.js:1:211771)
	at t.DefaultCompletionItemProvider.provideCompletionItemsInternal (/home/jamie/.vscode-server/bin/6609ac3d66f4eade5cf376d1cb76f13985724bcb/extensions/emmet/dist/node/emmetNodeMain.js:1:189574)
	at t.DefaultCompletionItemProvider.provideCompletionItems (/home/jamie/.vscode-server/bin/6609ac3d66f4eade5cf376d1cb76f13985724bcb/extensions/emmet/dist/node/emmetNodeMain.js:1:188352)
	at XI.provideCompletionItems (file:///home/jamie/.vscode-server/bin/6609ac3d66f4eade5cf376d1cb76f13985724bcb/out/vs/workbench/api/node/extensionHostProcess.js:135:140304)
	at file:///home/jamie/.vscode-server/bin/6609ac3d66f4eade5cf376d1cb76f13985724bcb/out/vs/workbench/api/node/extensionHostProcess.js:135:163628
	at qt.s (file:///home/jamie/.vscode-server/bin/6609ac3d66f4eade5cf376d1cb76f13985724bcb/out/vs/workbench/api/node/extensionHostProcess.js:135:154915)
	at qt.$provideCompletionItems (file:///home/jamie/.vscode-server/bin/6609ac3d66f4eade5cf376d1cb76f13985724bcb/out/vs/workbench/api/node/extensionHostProcess.js:135:163616)
	at qy.S (file:///home/jamie/.vscode-server/bin/6609ac3d66f4eade5cf376d1cb76f13985724bcb/out/vs/workbench/api/node/extensionHostProcess.js:29:159602)
	at qy.Q (file:///home/jamie/.vscode-server/bin/6609ac3d66f4eade5cf376d1cb76f13985724bcb/out/vs/workbench/api/node/extensionHostProcess.js:29:159382)
	at qy.M (file:///home/jamie/.vscode-server/bin/6609ac3d66f4eade5cf376d1cb76f13985724bcb/out/vs/workbench/api/node/extensionHostProcess.js:29:158433)
	at qy.L (file:///home/jamie/.vscode-server/bin/6609ac3d66f4eade5cf376d1cb76f13985724bcb/out/vs/workbench/api/node/extensionHostProcess.js:29:157576)
	at Th.value (file:///home/jamie/.vscode-server/bin/6609ac3d66f4eade5cf376d1cb76f13985724bcb/out/vs/workbench/api/node/extensionHostProcess.js:29:156373)
	at D.B (file:///home/jamie/.vscode-server/bin/6609ac3d66f4eade5cf376d1cb76f13985724bcb/out/vs/workbench/api/node/extensionHostProcess.js:27:2375)
	at D.fire (file:///home/jamie/.vscode-server/bin/6609ac3d66f4eade5cf376d1cb76f13985724bcb/out/vs/workbench/api/node/extensionHostProcess.js:27:2593)
	at Gn.fire (file:///home/jamie/.vscode-server/bin/6609ac3d66f4eade5cf376d1cb76f13985724bcb/out/vs/workbench/api/node/extensionHostProcess.js:29:9459)
	at Th.value (file:///home/jamie/.vscode-server/bin/6609ac3d66f4eade5cf376d1cb76f13985724bcb/out/vs/workbench/api/node/extensionHostProcess.js:190:13324)
	at D.B (file:///home/jamie/.vscode-server/bin/6609ac3d66f4eade5cf376d1cb76f13985724bcb/out/vs/workbench/api/node/extensionHostProcess.js:27:2375)
	at D.fire (file:///home/jamie/.vscode-server/bin/6609ac3d66f4eade5cf376d1cb76f13985724bcb/out/vs/workbench/api/node/extensionHostProcess.js:27:2593)
	at Gn.fire (file:///home/jamie/.vscode-server/bin/6609ac3d66f4eade5cf376d1cb76f13985724bcb/out/vs/workbench/api/node/extensionHostProcess.js:29:9459)
	at Ym.A (file:///home/jamie/.vscode-server/bin/6609ac3d66f4eade5cf376d1cb76f13985724bcb/out/vs/workbench/api/node/extensionHostProcess.js:29:12575)
	at Th.value (file:///home/jamie/.vscode-server/bin/6609ac3d66f4eade5cf376d1cb76f13985724bcb/out/vs/workbench/api/node/extensionHostProcess.js:29:10995)
	at D.B (file:///home/jamie/.vscode-server/bin/6609ac3d66f4eade5cf376d1cb76f13985724bcb/out/vs/workbench/api/node/extensionHostProcess.js:27:2375)
	at D.fire (file:///home/jamie/.vscode-server/bin/6609ac3d66f4eade5cf376d1cb76f13985724bcb/out/vs/workbench/api/node/extensionHostProcess.js:27:2593)
	at C6.acceptChunk (file:///home/jamie/.vscode-server/bin/6609ac3d66f4eade5cf376d1cb76f13985724bcb/out/vs/workbench/api/node/extensionHostProcess.js:29:7942)
	at Th.value (file:///home/jamie/.vscode-server/bin/6609ac3d66f4eade5cf376d1cb76f13985724bcb/out/vs/workbench/api/node/extensionHostProcess.js:29:7228)
	at D.B (file:///home/jamie/.vscode-server/bin/6609ac3d66f4eade5cf376d1cb76f13985724bcb/out/vs/workbench/api/node/extensionHostProcess.js:27:2375)
	at D.fire (file:///home/jamie/.vscode-server/bin/6609ac3d66f4eade5cf376d1cb76f13985724bcb/out/vs/workbench/api/node/extensionHostProcess.js:27:2593)
	at tT.z (file:///home/jamie/.vscode-server/bin/6609ac3d66f4eade5cf376d1cb76f13985724bcb/out/vs/workbench/api/node/extensionHostProcess.js:29:21747)
	at tT.acceptFrame (file:///home/jamie/.vscode-server/bin/6609ac3d66f4eade5cf376d1cb76f13985724bcb/out/vs/workbench/api/node/extensionHostProcess.js:29:21553)
	at eT.n (file:///home/jamie/.vscode-server/bin/6609ac3d66f4eade5cf376d1cb76f13985724bcb/out/vs/workbench/api/node/extensionHostProcess.js:29:20080)
	at file:///home/jamie/.vscode-server/bin/6609ac3d66f4eade5cf376d1cb76f13985724bcb/out/vs/workbench/api/node/extensionHostProcess.js:29:17312
	at Socket.t (file:///home/jamie/.vscode-server/bin/6609ac3d66f4eade5cf376d1cb76f13985724bcb/out/vs/workbench/api/node/extensionHostProcess.js:29:15252)
	at Socket.emit (node:events:518:28)
	at addChunk (node:internal/streams/readable:561:12)
	at readableAddChunkPushByteMode (node:internal/streams/readable:512:3)
	at Readable.push (node:internal/streams/readable:392:5)
	at TCP.onStreamRead (node:internal/stream_base_commons:191:23)
2025-03-10 14:24:54.195 [error] [vscode.emmet] provider FAILED
2025-03-10 14:24:54.195 [error] Error: Unable to consume quoted string at char 484
	at r.error (/home/jamie/.vscode-server/bin/6609ac3d66f4eade5cf376d1cb76f13985724bcb/extensions/emmet/dist/node/emmetNodeMain.js:1:22471)
	at s (/home/jamie/.vscode-server/bin/6609ac3d66f4eade5cf376d1cb76f13985724bcb/extensions/emmet/dist/node/emmetNodeMain.js:1:21144)
	at p (/home/jamie/.vscode-server/bin/6609ac3d66f4eade5cf376d1cb76f13985724bcb/extensions/emmet/dist/node/emmetNodeMain.js:1:21569)
	at u (/home/jamie/.vscode-server/bin/6609ac3d66f4eade5cf376d1cb76f13985724bcb/extensions/emmet/dist/node/emmetNodeMain.js:1:14683)
	at p (/home/jamie/.vscode-server/bin/6609ac3d66f4eade5cf376d1cb76f13985724bcb/extensions/emmet/dist/node/emmetNodeMain.js:1:14817)
	at /home/jamie/.vscode-server/bin/6609ac3d66f4eade5cf376d1cb76f13985724bcb/extensions/emmet/dist/node/emmetNodeMain.js:1:15429
	at v (/home/jamie/.vscode-server/bin/6609ac3d66f4eade5cf376d1cb76f13985724bcb/extensions/emmet/dist/node/emmetNodeMain.js:1:15535)
	at E (/home/jamie/.vscode-server/bin/6609ac3d66f4eade5cf376d1cb76f13985724bcb/extensions/emmet/dist/node/emmetNodeMain.js:1:16481)
	at I (/home/jamie/.vscode-server/bin/6609ac3d66f4eade5cf376d1cb76f13985724bcb/extensions/emmet/dist/node/emmetNodeMain.js:1:16891)
	at t.getRootNode (/home/jamie/.vscode-server/bin/6609ac3d66f4eade5cf376d1cb76f13985724bcb/extensions/emmet/dist/node/emmetNodeMain.js:1:211771)
	at t.DefaultCompletionItemProvider.provideCompletionItemsInternal (/home/jamie/.vscode-server/bin/6609ac3d66f4eade5cf376d1cb76f13985724bcb/extensions/emmet/dist/node/emmetNodeMain.js:1:189574)
	at t.DefaultCompletionItemProvider.provideCompletionItems (/home/jamie/.vscode-server/bin/6609ac3d66f4eade5cf376d1cb76f13985724bcb/extensions/emmet/dist/node/emmetNodeMain.js:1:188352)
	at XI.provideCompletionItems (file:///home/jamie/.vscode-server/bin/6609ac3d66f4eade5cf376d1cb76f13985724bcb/out/vs/workbench/api/node/extensionHostProcess.js:135:140304)
	at file:///home/jamie/.vscode-server/bin/6609ac3d66f4eade5cf376d1cb76f13985724bcb/out/vs/workbench/api/node/extensionHostProcess.js:135:163628
	at qt.s (file:///home/jamie/.vscode-server/bin/6609ac3d66f4eade5cf376d1cb76f13985724bcb/out/vs/workbench/api/node/extensionHostProcess.js:135:154915)
	at qt.$provideCompletionItems (file:///home/jamie/.vscode-server/bin/6609ac3d66f4eade5cf376d1cb76f13985724bcb/out/vs/workbench/api/node/extensionHostProcess.js:135:163616)
	at qy.S (file:///home/jamie/.vscode-server/bin/6609ac3d66f4eade5cf376d1cb76f13985724bcb/out/vs/workbench/api/node/extensionHostProcess.js:29:159602)
	at qy.Q (file:///home/jamie/.vscode-server/bin/6609ac3d66f4eade5cf376d1cb76f13985724bcb/out/vs/workbench/api/node/extensionHostProcess.js:29:159382)
	at qy.M (file:///home/jamie/.vscode-server/bin/6609ac3d66f4eade5cf376d1cb76f13985724bcb/out/vs/workbench/api/node/extensionHostProcess.js:29:158433)
	at qy.L (file:///home/jamie/.vscode-server/bin/6609ac3d66f4eade5cf376d1cb76f13985724bcb/out/vs/workbench/api/node/extensionHostProcess.js:29:157576)
	at Th.value (file:///home/jamie/.vscode-server/bin/6609ac3d66f4eade5cf376d1cb76f13985724bcb/out/vs/workbench/api/node/extensionHostProcess.js:29:156373)
	at D.B (file:///home/jamie/.vscode-server/bin/6609ac3d66f4eade5cf376d1cb76f13985724bcb/out/vs/workbench/api/node/extensionHostProcess.js:27:2375)
	at D.fire (file:///home/jamie/.vscode-server/bin/6609ac3d66f4eade5cf376d1cb76f13985724bcb/out/vs/workbench/api/node/extensionHostProcess.js:27:2593)
	at Gn.fire (file:///home/jamie/.vscode-server/bin/6609ac3d66f4eade5cf376d1cb76f13985724bcb/out/vs/workbench/api/node/extensionHostProcess.js:29:9459)
	at Th.value (file:///home/jamie/.vscode-server/bin/6609ac3d66f4eade5cf376d1cb76f13985724bcb/out/vs/workbench/api/node/extensionHostProcess.js:190:13324)
	at D.B (file:///home/jamie/.vscode-server/bin/6609ac3d66f4eade5cf376d1cb76f13985724bcb/out/vs/workbench/api/node/extensionHostProcess.js:27:2375)
	at D.fire (file:///home/jamie/.vscode-server/bin/6609ac3d66f4eade5cf376d1cb76f13985724bcb/out/vs/workbench/api/node/extensionHostProcess.js:27:2593)
	at Gn.fire (file:///home/jamie/.vscode-server/bin/6609ac3d66f4eade5cf376d1cb76f13985724bcb/out/vs/workbench/api/node/extensionHostProcess.js:29:9459)
	at Ym.A (file:///home/jamie/.vscode-server/bin/6609ac3d66f4eade5cf376d1cb76f13985724bcb/out/vs/workbench/api/node/extensionHostProcess.js:29:12575)
	at Th.value (file:///home/jamie/.vscode-server/bin/6609ac3d66f4eade5cf376d1cb76f13985724bcb/out/vs/workbench/api/node/extensionHostProcess.js:29:10995)
	at D.B (file:///home/jamie/.vscode-server/bin/6609ac3d66f4eade5cf376d1cb76f13985724bcb/out/vs/workbench/api/node/extensionHostProcess.js:27:2375)
	at D.fire (file:///home/jamie/.vscode-server/bin/6609ac3d66f4eade5cf376d1cb76f13985724bcb/out/vs/workbench/api/node/extensionHostProcess.js:27:2593)
	at C6.acceptChunk (file:///home/jamie/.vscode-server/bin/6609ac3d66f4eade5cf376d1cb76f13985724bcb/out/vs/workbench/api/node/extensionHostProcess.js:29:7942)
	at Th.value (file:///home/jamie/.vscode-server/bin/6609ac3d66f4eade5cf376d1cb76f13985724bcb/out/vs/workbench/api/node/extensionHostProcess.js:29:7228)
	at D.B (file:///home/jamie/.vscode-server/bin/6609ac3d66f4eade5cf376d1cb76f13985724bcb/out/vs/workbench/api/node/extensionHostProcess.js:27:2375)
	at D.fire (file:///home/jamie/.vscode-server/bin/6609ac3d66f4eade5cf376d1cb76f13985724bcb/out/vs/workbench/api/node/extensionHostProcess.js:27:2593)
	at tT.z (file:///home/jamie/.vscode-server/bin/6609ac3d66f4eade5cf376d1cb76f13985724bcb/out/vs/workbench/api/node/extensionHostProcess.js:29:21747)
	at tT.acceptFrame (file:///home/jamie/.vscode-server/bin/6609ac3d66f4eade5cf376d1cb76f13985724bcb/out/vs/workbench/api/node/extensionHostProcess.js:29:21553)
	at eT.n (file:///home/jamie/.vscode-server/bin/6609ac3d66f4eade5cf376d1cb76f13985724bcb/out/vs/workbench/api/node/extensionHostProcess.js:29:20080)
	at file:///home/jamie/.vscode-server/bin/6609ac3d66f4eade5cf376d1cb76f13985724bcb/out/vs/workbench/api/node/extensionHostProcess.js:29:17312
	at Socket.t (file:///home/jamie/.vscode-server/bin/6609ac3d66f4eade5cf376d1cb76f13985724bcb/out/vs/workbench/api/node/extensionHostProcess.js:29:15252)
	at Socket.emit (node:events:518:28)
	at addChunk (node:internal/streams/readable:561:12)
	at readableAddChunkPushByteMode (node:internal/streams/readable:512:3)
	at Readable.push (node:internal/streams/readable:392:5)
	at TCP.onStreamRead (node:internal/stream_base_commons:191:23)
2025-03-10 14:24:54.315 [error] [vscode.emmet] provider FAILED
2025-03-10 14:24:54.315 [error] Error: Unable to consume quoted string at char 485
	at r.error (/home/jamie/.vscode-server/bin/6609ac3d66f4eade5cf376d1cb76f13985724bcb/extensions/emmet/dist/node/emmetNodeMain.js:1:22471)
	at s (/home/jamie/.vscode-server/bin/6609ac3d66f4eade5cf376d1cb76f13985724bcb/extensions/emmet/dist/node/emmetNodeMain.js:1:21144)
	at p (/home/jamie/.vscode-server/bin/6609ac3d66f4eade5cf376d1cb76f13985724bcb/extensions/emmet/dist/node/emmetNodeMain.js:1:21569)
	at u (/home/jamie/.vscode-server/bin/6609ac3d66f4eade5cf376d1cb76f13985724bcb/extensions/emmet/dist/node/emmetNodeMain.js:1:14683)
	at p (/home/jamie/.vscode-server/bin/6609ac3d66f4eade5cf376d1cb76f13985724bcb/extensions/emmet/dist/node/emmetNodeMain.js:1:14817)
	at /home/jamie/.vscode-server/bin/6609ac3d66f4eade5cf376d1cb76f13985724bcb/extensions/emmet/dist/node/emmetNodeMain.js:1:15429
	at v (/home/jamie/.vscode-server/bin/6609ac3d66f4eade5cf376d1cb76f13985724bcb/extensions/emmet/dist/node/emmetNodeMain.js:1:15535)
	at E (/home/jamie/.vscode-server/bin/6609ac3d66f4eade5cf376d1cb76f13985724bcb/extensions/emmet/dist/node/emmetNodeMain.js:1:16481)
	at I (/home/jamie/.vscode-server/bin/6609ac3d66f4eade5cf376d1cb76f13985724bcb/extensions/emmet/dist/node/emmetNodeMain.js:1:16891)
	at t.getRootNode (/home/jamie/.vscode-server/bin/6609ac3d66f4eade5cf376d1cb76f13985724bcb/extensions/emmet/dist/node/emmetNodeMain.js:1:211771)
	at t.DefaultCompletionItemProvider.provideCompletionItemsInternal (/home/jamie/.vscode-server/bin/6609ac3d66f4eade5cf376d1cb76f13985724bcb/extensions/emmet/dist/node/emmetNodeMain.js:1:189574)
	at t.DefaultCompletionItemProvider.provideCompletionItems (/home/jamie/.vscode-server/bin/6609ac3d66f4eade5cf376d1cb76f13985724bcb/extensions/emmet/dist/node/emmetNodeMain.js:1:188352)
	at XI.provideCompletionItems (file:///home/jamie/.vscode-server/bin/6609ac3d66f4eade5cf376d1cb76f13985724bcb/out/vs/workbench/api/node/extensionHostProcess.js:135:140304)
	at file:///home/jamie/.vscode-server/bin/6609ac3d66f4eade5cf376d1cb76f13985724bcb/out/vs/workbench/api/node/extensionHostProcess.js:135:163628
	at qt.s (file:///home/jamie/.vscode-server/bin/6609ac3d66f4eade5cf376d1cb76f13985724bcb/out/vs/workbench/api/node/extensionHostProcess.js:135:154915)
	at qt.$provideCompletionItems (file:///home/jamie/.vscode-server/bin/6609ac3d66f4eade5cf376d1cb76f13985724bcb/out/vs/workbench/api/node/extensionHostProcess.js:135:163616)
	at qy.S (file:///home/jamie/.vscode-server/bin/6609ac3d66f4eade5cf376d1cb76f13985724bcb/out/vs/workbench/api/node/extensionHostProcess.js:29:159602)
	at qy.Q (file:///home/jamie/.vscode-server/bin/6609ac3d66f4eade5cf376d1cb76f13985724bcb/out/vs/workbench/api/node/extensionHostProcess.js:29:159382)
	at qy.M (file:///home/jamie/.vscode-server/bin/6609ac3d66f4eade5cf376d1cb76f13985724bcb/out/vs/workbench/api/node/extensionHostProcess.js:29:158433)
	at qy.L (file:///home/jamie/.vscode-server/bin/6609ac3d66f4eade5cf376d1cb76f13985724bcb/out/vs/workbench/api/node/extensionHostProcess.js:29:157576)
	at Th.value (file:///home/jamie/.vscode-server/bin/6609ac3d66f4eade5cf376d1cb76f13985724bcb/out/vs/workbench/api/node/extensionHostProcess.js:29:156373)
	at D.B (file:///home/jamie/.vscode-server/bin/6609ac3d66f4eade5cf376d1cb76f13985724bcb/out/vs/workbench/api/node/extensionHostProcess.js:27:2375)
	at D.fire (file:///home/jamie/.vscode-server/bin/6609ac3d66f4eade5cf376d1cb76f13985724bcb/out/vs/workbench/api/node/extensionHostProcess.js:27:2593)
	at Gn.fire (file:///home/jamie/.vscode-server/bin/6609ac3d66f4eade5cf376d1cb76f13985724bcb/out/vs/workbench/api/node/extensionHostProcess.js:29:9459)
	at Th.value (file:///home/jamie/.vscode-server/bin/6609ac3d66f4eade5cf376d1cb76f13985724bcb/out/vs/workbench/api/node/extensionHostProcess.js:190:13324)
	at D.B (file:///home/jamie/.vscode-server/bin/6609ac3d66f4eade5cf376d1cb76f13985724bcb/out/vs/workbench/api/node/extensionHostProcess.js:27:2375)
	at D.fire (file:///home/jamie/.vscode-server/bin/6609ac3d66f4eade5cf376d1cb76f13985724bcb/out/vs/workbench/api/node/extensionHostProcess.js:27:2593)
	at Gn.fire (file:///home/jamie/.vscode-server/bin/6609ac3d66f4eade5cf376d1cb76f13985724bcb/out/vs/workbench/api/node/extensionHostProcess.js:29:9459)
	at Ym.A (file:///home/jamie/.vscode-server/bin/6609ac3d66f4eade5cf376d1cb76f13985724bcb/out/vs/workbench/api/node/extensionHostProcess.js:29:12575)
	at Th.value (file:///home/jamie/.vscode-server/bin/6609ac3d66f4eade5cf376d1cb76f13985724bcb/out/vs/workbench/api/node/extensionHostProcess.js:29:10995)
	at D.B (file:///home/jamie/.vscode-server/bin/6609ac3d66f4eade5cf376d1cb76f13985724bcb/out/vs/workbench/api/node/extensionHostProcess.js:27:2375)
	at D.fire (file:///home/jamie/.vscode-server/bin/6609ac3d66f4eade5cf376d1cb76f13985724bcb/out/vs/workbench/api/node/extensionHostProcess.js:27:2593)
	at C6.acceptChunk (file:///home/jamie/.vscode-server/bin/6609ac3d66f4eade5cf376d1cb76f13985724bcb/out/vs/workbench/api/node/extensionHostProcess.js:29:7942)
	at Th.value (file:///home/jamie/.vscode-server/bin/6609ac3d66f4eade5cf376d1cb76f13985724bcb/out/vs/workbench/api/node/extensionHostProcess.js:29:7228)
	at D.B (file:///home/jamie/.vscode-server/bin/6609ac3d66f4eade5cf376d1cb76f13985724bcb/out/vs/workbench/api/node/extensionHostProcess.js:27:2375)
	at D.fire (file:///home/jamie/.vscode-server/bin/6609ac3d66f4eade5cf376d1cb76f13985724bcb/out/vs/workbench/api/node/extensionHostProcess.js:27:2593)
	at tT.z (file:///home/jamie/.vscode-server/bin/6609ac3d66f4eade5cf376d1cb76f13985724bcb/out/vs/workbench/api/node/extensionHostProcess.js:29:21747)
	at tT.acceptFrame (file:///home/jamie/.vscode-server/bin/6609ac3d66f4eade5cf376d1cb76f13985724bcb/out/vs/workbench/api/node/extensionHostProcess.js:29:21553)
	at eT.n (file:///home/jamie/.vscode-server/bin/6609ac3d66f4eade5cf376d1cb76f13985724bcb/out/vs/workbench/api/node/extensionHostProcess.js:29:20080)
	at file:///home/jamie/.vscode-server/bin/6609ac3d66f4eade5cf376d1cb76f13985724bcb/out/vs/workbench/api/node/extensionHostProcess.js:29:17312
	at Socket.t (file:///home/jamie/.vscode-server/bin/6609ac3d66f4eade5cf376d1cb76f13985724bcb/out/vs/workbench/api/node/extensionHostProcess.js:29:15252)
	at Socket.emit (node:events:518:28)
	at addChunk (node:internal/streams/readable:561:12)
	at readableAddChunkPushByteMode (node:internal/streams/readable:512:3)
	at Readable.push (node:internal/streams/readable:392:5)
	at TCP.onStreamRead (node:internal/stream_base_commons:191:23)
2025-03-10 16:21:25.964 [info] Extension host terminating: received terminate message from renderer
2025-03-10 16:21:25.964 [info] Lock '/home/jamie/.vscode-server/data/User/workspaceStorage/941b0dd76672524364e91a4b784113c7/vscode.lock': Marking the lockfile as scheduled to be released in 6000 ms.
2025-03-10 16:21:26.123 [info] Extension host with pid 592 exiting with code 0
